---------------------------------------------------------------
[ 2018-05-09T00:35:54+08:00 ] 127.0.0.1 GET /admin/auth/index.html
[ info ] www.my.com/admin/auth/index.html [运行时间：0.058903s][吞吐率：16.98req/s] [内存消耗：1,258.82kb] [文件加载：44]
[ info ] [ LANG ] I:\phpstudy\WWW\myproject\thinkphp\lang\zh-cn.php
[ info ] [ ROUTE ] array (
  'type' => 'module',
  'module' => 
  array (
    0 => 'admin',
    1 => 'auth',
    2 => 'index',
  ),
)
[ info ] [ HEADER ] array (
  'cookie' => 'p=oRMAAAx/LwAA; s=dpr=1; __utma=144340137.1514062881.1525664007.1525664007.1525664007.1; __utmz=144340137.1525664007.1.1.utmcsr=(direct)|utmccn=(direct)|utmcmd=(none); pgv_pvi=3371843584',
  'accept-language' => 'zh-CN,zh;q=0.9',
  'accept-encoding' => 'gzip, deflate',
  'accept' => 'text/html,application/xhtml+xml,application/xml;q=0.9,image/webp,image/apng,*/*;q=0.8',
  'upgrade-insecure-requests' => '1',
  'user-agent' => 'Mozilla/5.0 (Windows NT 10.0; WOW64) AppleWebKit/537.36 (KHTML, like Gecko) Chrome/62.0.3202.89 Safari/537.36',
  'connection' => 'close',
  'host' => 'www.my.com',
)
[ info ] [ PARAM ] array (
  '/admin/auth/index_html' => '',
)
[ info ] [ RUN ] app\admin\controller\Auth->index[ I:\phpstudy\WWW\myproject\application\admin\controller\Auth.php ]
[ info ] [ LOG ] INIT File
---------------------------------------------------------------
[ 2018-05-09T00:39:29+08:00 ] 127.0.0.1 GET /admin/auth/index.html
[ info ] www.my.com/admin/auth/index.html [运行时间：0.071384s][吞吐率：14.01req/s] [内存消耗：2,402.16kb] [文件加载：58]
[ info ] [ LANG ] I:\phpstudy\WWW\myproject\thinkphp\lang\zh-cn.php
[ info ] [ ROUTE ] array (
  'type' => 'module',
  'module' => 
  array (
    0 => 'admin',
    1 => 'auth',
    2 => 'index',
  ),
)
[ info ] [ HEADER ] array (
  'cookie' => 'p=oRMAAAx/LwAA; s=dpr=1; __utma=144340137.1514062881.1525664007.1525664007.1525664007.1; __utmz=144340137.1525664007.1.1.utmcsr=(direct)|utmccn=(direct)|utmcmd=(none); pgv_pvi=3371843584',
  'accept-language' => 'zh-CN,zh;q=0.9',
  'accept-encoding' => 'gzip, deflate',
  'accept' => 'text/html,application/xhtml+xml,application/xml;q=0.9,image/webp,image/apng,*/*;q=0.8',
  'upgrade-insecure-requests' => '1',
  'user-agent' => 'Mozilla/5.0 (Windows NT 10.0; WOW64) AppleWebKit/537.36 (KHTML, like Gecko) Chrome/62.0.3202.89 Safari/537.36',
  'cache-control' => 'max-age=0',
  'connection' => 'close',
  'host' => 'www.my.com',
)
[ info ] [ PARAM ] array (
  '/admin/auth/index_html' => '',
)
[ info ] [ RUN ] app\admin\controller\Auth->index[ I:\phpstudy\WWW\myproject\application\admin\controller\Auth.php ]
[ info ] [ DB ] INIT mysql
[ info ] [ VIEW ] I:\phpstudy\WWW\myproject\public/../application/admin\view\auth\index.html [ array (
  0 => 'authList',
) ]
[ info ] [ SESSION ] INIT array (
  'id' => '',
  'var_session_id' => '',
  'prefix' => 'think',
  'type' => '',
  'auto_start' => true,
)
[ info ] [ LOG ] INIT File
[ sql ] [ DB ] CONNECT:[ UseTime:0.002852s ] mysql:host=127.0.0.1;dbname=blog;charset=utf8
[ sql ] [ SQL ] SHOW COLUMNS FROM `auth` [ RunTime:0.011107s ]
[ sql ] [ SQL ] SELECT * FROM `auth` [ RunTime:0.000709s ]
---------------------------------------------------------------
[ 2018-05-09T00:44:51+08:00 ] 127.0.0.1 GET /admin/auth/index.html
[ info ] www.my.com/admin/auth/index.html [运行时间：0.069353s][吞吐率：14.42req/s] [内存消耗：2,376.49kb] [文件加载：60]
[ info ] [ LANG ] I:\phpstudy\WWW\myproject\thinkphp\lang\zh-cn.php
[ info ] [ ROUTE ] array (
  'type' => 'module',
  'module' => 
  array (
    0 => 'admin',
    1 => 'auth',
    2 => 'index',
  ),
)
[ info ] [ HEADER ] array (
  'cookie' => 'p=oRMAAAx/LwAA; s=dpr=1; __utma=144340137.1514062881.1525664007.1525664007.1525664007.1; __utmz=144340137.1525664007.1.1.utmcsr=(direct)|utmccn=(direct)|utmcmd=(none); pgv_pvi=3371843584; PHPSESSID=ggtilbkiahuehc9nb81poq05v1',
  'accept-language' => 'zh-CN,zh;q=0.9',
  'accept-encoding' => 'gzip, deflate',
  'accept' => 'text/html,application/xhtml+xml,application/xml;q=0.9,image/webp,image/apng,*/*;q=0.8',
  'upgrade-insecure-requests' => '1',
  'user-agent' => 'Mozilla/5.0 (Windows NT 10.0; WOW64) AppleWebKit/537.36 (KHTML, like Gecko) Chrome/62.0.3202.89 Safari/537.36',
  'cache-control' => 'max-age=0',
  'connection' => 'close',
  'host' => 'www.my.com',
)
[ info ] [ PARAM ] array (
  '/admin/auth/index_html' => '',
)
[ info ] [ RUN ] app\admin\controller\Auth->index[ I:\phpstudy\WWW\myproject\application\admin\controller\Auth.php ]
[ info ] [ DB ] INIT mysql
[ info ] [ VIEW ] I:\phpstudy\WWW\myproject\public/../application/admin\view\auth\index.html [ array (
  0 => 'authList',
) ]
[ info ] [ SESSION ] INIT array (
  'id' => '',
  'var_session_id' => '',
  'prefix' => 'think',
  'type' => '',
  'auto_start' => true,
)
[ info ] [ LOG ] INIT File
[ sql ] [ DB ] CONNECT:[ UseTime:0.002389s ] mysql:host=127.0.0.1;dbname=blog;charset=utf8
[ sql ] [ SQL ] SHOW COLUMNS FROM `auth` [ RunTime:0.008944s ]
[ sql ] [ SQL ] SELECT * FROM `auth` [ RunTime:0.000564s ]
[ error ] [0]类的属性不存在:app\admin\model\Auth->name[I:\phpstudy\WWW\myproject\thinkphp\library\think\Model.php:600]
---------------------------------------------------------------
[ 2018-05-09T00:45:20+08:00 ] 127.0.0.1 GET /admin/auth/index.html
[ info ] www.my.com/admin/auth/index.html [运行时间：0.065895s][吞吐率：15.18req/s] [内存消耗：2,376.54kb] [文件加载：60]
[ info ] [ LANG ] I:\phpstudy\WWW\myproject\thinkphp\lang\zh-cn.php
[ info ] [ ROUTE ] array (
  'type' => 'module',
  'module' => 
  array (
    0 => 'admin',
    1 => 'auth',
    2 => 'index',
  ),
)
[ info ] [ HEADER ] array (
  'cookie' => 'p=oRMAAAx/LwAA; s=dpr=1; __utma=144340137.1514062881.1525664007.1525664007.1525664007.1; __utmz=144340137.1525664007.1.1.utmcsr=(direct)|utmccn=(direct)|utmcmd=(none); pgv_pvi=3371843584; PHPSESSID=ggtilbkiahuehc9nb81poq05v1',
  'accept-language' => 'zh-CN,zh;q=0.9',
  'accept-encoding' => 'gzip, deflate',
  'accept' => 'text/html,application/xhtml+xml,application/xml;q=0.9,image/webp,image/apng,*/*;q=0.8',
  'upgrade-insecure-requests' => '1',
  'user-agent' => 'Mozilla/5.0 (Windows NT 10.0; WOW64) AppleWebKit/537.36 (KHTML, like Gecko) Chrome/62.0.3202.89 Safari/537.36',
  'cache-control' => 'max-age=0',
  'connection' => 'close',
  'host' => 'www.my.com',
)
[ info ] [ PARAM ] array (
  '/admin/auth/index_html' => '',
)
[ info ] [ RUN ] app\admin\controller\Auth->index[ I:\phpstudy\WWW\myproject\application\admin\controller\Auth.php ]
[ info ] [ DB ] INIT mysql
[ info ] [ VIEW ] I:\phpstudy\WWW\myproject\public/../application/admin\view\auth\index.html [ array (
  0 => 'authList',
) ]
[ info ] [ SESSION ] INIT array (
  'id' => '',
  'var_session_id' => '',
  'prefix' => 'think',
  'type' => '',
  'auto_start' => true,
)
[ info ] [ LOG ] INIT File
[ sql ] [ DB ] CONNECT:[ UseTime:0.001312s ] mysql:host=127.0.0.1;dbname=blog;charset=utf8
[ sql ] [ SQL ] SHOW COLUMNS FROM `auth` [ RunTime:0.009610s ]
[ sql ] [ SQL ] SELECT * FROM `auth` [ RunTime:0.001067s ]
[ error ] [0]类的属性不存在:app\admin\model\Auth->c[I:\phpstudy\WWW\myproject\thinkphp\library\think\Model.php:600]
---------------------------------------------------------------
[ 2018-05-09T00:45:20+08:00 ] 127.0.0.1 GET /admin/auth/index.html
[ info ] www.my.com/admin/auth/index.html [运行时间：0.059367s][吞吐率：16.84req/s] [内存消耗：2,241.45kb] [文件加载：58]
[ info ] [ LANG ] I:\phpstudy\WWW\myproject\thinkphp\lang\zh-cn.php
[ info ] [ ROUTE ] array (
  'type' => 'module',
  'module' => 
  array (
    0 => 'admin',
    1 => 'auth',
    2 => 'index',
  ),
)
[ info ] [ HEADER ] array (
  'cookie' => 'p=oRMAAAx/LwAA; s=dpr=1; __utma=144340137.1514062881.1525664007.1525664007.1525664007.1; __utmz=144340137.1525664007.1.1.utmcsr=(direct)|utmccn=(direct)|utmcmd=(none); pgv_pvi=3371843584; PHPSESSID=ggtilbkiahuehc9nb81poq05v1',
  'accept-language' => 'zh-CN,zh;q=0.9',
  'accept-encoding' => 'gzip, deflate',
  'accept' => 'text/html,application/xhtml+xml,application/xml;q=0.9,image/webp,image/apng,*/*;q=0.8',
  'upgrade-insecure-requests' => '1',
  'user-agent' => 'Mozilla/5.0 (Windows NT 10.0; WOW64) AppleWebKit/537.36 (KHTML, like Gecko) Chrome/62.0.3202.89 Safari/537.36',
  'cache-control' => 'max-age=0',
  'connection' => 'close',
  'host' => 'www.my.com',
)
[ info ] [ PARAM ] array (
  '/admin/auth/index_html' => '',
)
[ info ] [ RUN ] app\admin\controller\Auth->index[ I:\phpstudy\WWW\myproject\application\admin\controller\Auth.php ]
[ info ] [ DB ] INIT mysql
[ info ] [ VIEW ] I:\phpstudy\WWW\myproject\public/../application/admin\view\auth\index.html [ array (
  0 => 'authList',
) ]
[ info ] [ SESSION ] INIT array (
  'id' => '',
  'var_session_id' => '',
  'prefix' => 'think',
  'type' => '',
  'auto_start' => true,
)
[ info ] [ LOG ] INIT File
[ sql ] [ DB ] CONNECT:[ UseTime:0.001277s ] mysql:host=127.0.0.1;dbname=blog;charset=utf8
[ sql ] [ SQL ] SHOW COLUMNS FROM `auth` [ RunTime:0.009062s ]
[ sql ] [ SQL ] SELECT * FROM `auth` [ RunTime:0.000654s ]
[ error ] [0]类的属性不存在:app\admin\model\Auth->c[I:\phpstudy\WWW\myproject\thinkphp\library\think\Model.php:600]
---------------------------------------------------------------
[ 2018-05-09T00:45:21+08:00 ] 127.0.0.1 GET /admin/auth/index.html
[ info ] www.my.com/admin/auth/index.html [运行时间：0.058704s][吞吐率：17.03req/s] [内存消耗：2,241.45kb] [文件加载：58]
[ info ] [ LANG ] I:\phpstudy\WWW\myproject\thinkphp\lang\zh-cn.php
[ info ] [ ROUTE ] array (
  'type' => 'module',
  'module' => 
  array (
    0 => 'admin',
    1 => 'auth',
    2 => 'index',
  ),
)
[ info ] [ HEADER ] array (
  'cookie' => 'p=oRMAAAx/LwAA; s=dpr=1; __utma=144340137.1514062881.1525664007.1525664007.1525664007.1; __utmz=144340137.1525664007.1.1.utmcsr=(direct)|utmccn=(direct)|utmcmd=(none); pgv_pvi=3371843584; PHPSESSID=ggtilbkiahuehc9nb81poq05v1',
  'accept-language' => 'zh-CN,zh;q=0.9',
  'accept-encoding' => 'gzip, deflate',
  'accept' => 'text/html,application/xhtml+xml,application/xml;q=0.9,image/webp,image/apng,*/*;q=0.8',
  'upgrade-insecure-requests' => '1',
  'user-agent' => 'Mozilla/5.0 (Windows NT 10.0; WOW64) AppleWebKit/537.36 (KHTML, like Gecko) Chrome/62.0.3202.89 Safari/537.36',
  'cache-control' => 'max-age=0',
  'connection' => 'close',
  'host' => 'www.my.com',
)
[ info ] [ PARAM ] array (
  '/admin/auth/index_html' => '',
)
[ info ] [ RUN ] app\admin\controller\Auth->index[ I:\phpstudy\WWW\myproject\application\admin\controller\Auth.php ]
[ info ] [ DB ] INIT mysql
[ info ] [ VIEW ] I:\phpstudy\WWW\myproject\public/../application/admin\view\auth\index.html [ array (
  0 => 'authList',
) ]
[ info ] [ SESSION ] INIT array (
  'id' => '',
  'var_session_id' => '',
  'prefix' => 'think',
  'type' => '',
  'auto_start' => true,
)
[ info ] [ LOG ] INIT File
[ sql ] [ DB ] CONNECT:[ UseTime:0.001179s ] mysql:host=127.0.0.1;dbname=blog;charset=utf8
[ sql ] [ SQL ] SHOW COLUMNS FROM `auth` [ RunTime:0.007300s ]
[ sql ] [ SQL ] SELECT * FROM `auth` [ RunTime:0.000838s ]
[ error ] [0]类的属性不存在:app\admin\model\Auth->c[I:\phpstudy\WWW\myproject\thinkphp\library\think\Model.php:600]
---------------------------------------------------------------
[ 2018-05-09T00:45:21+08:00 ] 127.0.0.1 GET /admin/auth/index.html
[ info ] www.my.com/admin/auth/index.html [运行时间：0.066184s][吞吐率：15.11req/s] [内存消耗：2,241.45kb] [文件加载：58]
[ info ] [ LANG ] I:\phpstudy\WWW\myproject\thinkphp\lang\zh-cn.php
[ info ] [ ROUTE ] array (
  'type' => 'module',
  'module' => 
  array (
    0 => 'admin',
    1 => 'auth',
    2 => 'index',
  ),
)
[ info ] [ HEADER ] array (
  'cookie' => 'p=oRMAAAx/LwAA; s=dpr=1; __utma=144340137.1514062881.1525664007.1525664007.1525664007.1; __utmz=144340137.1525664007.1.1.utmcsr=(direct)|utmccn=(direct)|utmcmd=(none); pgv_pvi=3371843584; PHPSESSID=ggtilbkiahuehc9nb81poq05v1',
  'accept-language' => 'zh-CN,zh;q=0.9',
  'accept-encoding' => 'gzip, deflate',
  'accept' => 'text/html,application/xhtml+xml,application/xml;q=0.9,image/webp,image/apng,*/*;q=0.8',
  'upgrade-insecure-requests' => '1',
  'user-agent' => 'Mozilla/5.0 (Windows NT 10.0; WOW64) AppleWebKit/537.36 (KHTML, like Gecko) Chrome/62.0.3202.89 Safari/537.36',
  'cache-control' => 'max-age=0',
  'connection' => 'close',
  'host' => 'www.my.com',
)
[ info ] [ PARAM ] array (
  '/admin/auth/index_html' => '',
)
[ info ] [ RUN ] app\admin\controller\Auth->index[ I:\phpstudy\WWW\myproject\application\admin\controller\Auth.php ]
[ info ] [ DB ] INIT mysql
[ info ] [ VIEW ] I:\phpstudy\WWW\myproject\public/../application/admin\view\auth\index.html [ array (
  0 => 'authList',
) ]
[ info ] [ SESSION ] INIT array (
  'id' => '',
  'var_session_id' => '',
  'prefix' => 'think',
  'type' => '',
  'auto_start' => true,
)
[ info ] [ LOG ] INIT File
[ sql ] [ DB ] CONNECT:[ UseTime:0.011828s ] mysql:host=127.0.0.1;dbname=blog;charset=utf8
[ sql ] [ SQL ] SHOW COLUMNS FROM `auth` [ RunTime:0.007741s ]
[ sql ] [ SQL ] SELECT * FROM `auth` [ RunTime:0.000669s ]
[ error ] [0]类的属性不存在:app\admin\model\Auth->c[I:\phpstudy\WWW\myproject\thinkphp\library\think\Model.php:600]
---------------------------------------------------------------
[ 2018-05-09T00:45:36+08:00 ] 127.0.0.1 GET /admin/auth/index.html
[ info ] www.my.com/admin/auth/index.html [运行时间：0.061119s][吞吐率：16.36req/s] [内存消耗：2,376.22kb] [文件加载：58]
[ info ] [ LANG ] I:\phpstudy\WWW\myproject\thinkphp\lang\zh-cn.php
[ info ] [ ROUTE ] array (
  'type' => 'module',
  'module' => 
  array (
    0 => 'admin',
    1 => 'auth',
    2 => 'index',
  ),
)
[ info ] [ HEADER ] array (
  'cookie' => 'p=oRMAAAx/LwAA; s=dpr=1; __utma=144340137.1514062881.1525664007.1525664007.1525664007.1; __utmz=144340137.1525664007.1.1.utmcsr=(direct)|utmccn=(direct)|utmcmd=(none); pgv_pvi=3371843584; PHPSESSID=ggtilbkiahuehc9nb81poq05v1',
  'accept-language' => 'zh-CN,zh;q=0.9',
  'accept-encoding' => 'gzip, deflate',
  'accept' => 'text/html,application/xhtml+xml,application/xml;q=0.9,image/webp,image/apng,*/*;q=0.8',
  'upgrade-insecure-requests' => '1',
  'user-agent' => 'Mozilla/5.0 (Windows NT 10.0; WOW64) AppleWebKit/537.36 (KHTML, like Gecko) Chrome/62.0.3202.89 Safari/537.36',
  'cache-control' => 'max-age=0',
  'connection' => 'close',
  'host' => 'www.my.com',
)
[ info ] [ PARAM ] array (
  '/admin/auth/index_html' => '',
)
[ info ] [ RUN ] app\admin\controller\Auth->index[ I:\phpstudy\WWW\myproject\application\admin\controller\Auth.php ]
[ info ] [ DB ] INIT mysql
[ info ] [ VIEW ] I:\phpstudy\WWW\myproject\public/../application/admin\view\auth\index.html [ array (
  0 => 'authList',
) ]
[ info ] [ SESSION ] INIT array (
  'id' => '',
  'var_session_id' => '',
  'prefix' => 'think',
  'type' => '',
  'auto_start' => true,
)
[ info ] [ LOG ] INIT File
[ sql ] [ DB ] CONNECT:[ UseTime:0.001635s ] mysql:host=127.0.0.1;dbname=blog;charset=utf8
[ sql ] [ SQL ] SHOW COLUMNS FROM `auth` [ RunTime:0.008416s ]
[ sql ] [ SQL ] SELECT * FROM `auth` [ RunTime:0.001057s ]
---------------------------------------------------------------
[ 2018-05-09T00:47:08+08:00 ] 127.0.0.1 GET /
[ info ] www.my.com/ [运行时间：0.091238s][吞吐率：10.96req/s] [内存消耗：2,423.45kb] [文件加载：60]
[ info ] [ LANG ] I:\phpstudy\WWW\myproject\thinkphp\lang\zh-cn.php
[ info ] [ ROUTE ] array (
  'type' => 'module',
  'module' => 
  array (
    0 => '',
    1 => NULL,
    2 => NULL,
  ),
)
[ info ] [ HEADER ] array (
  'cookie' => 'p=oRMAAAx/LwAA; s=dpr=1; __utma=144340137.1514062881.1525664007.1525664007.1525664007.1; __utmz=144340137.1525664007.1.1.utmcsr=(direct)|utmccn=(direct)|utmcmd=(none); pgv_pvi=3371843584; PHPSESSID=ggtilbkiahuehc9nb81poq05v1',
  'accept-language' => 'zh-CN,zh;q=0.9',
  'accept-encoding' => 'gzip, deflate',
  'accept' => 'text/html,application/xhtml+xml,application/xml;q=0.9,image/webp,image/apng,*/*;q=0.8',
  'upgrade-insecure-requests' => '1',
  'user-agent' => 'Mozilla/5.0 (Windows NT 10.0; WOW64) AppleWebKit/537.36 (KHTML, like Gecko) Chrome/62.0.3202.89 Safari/537.36',
  'connection' => 'close',
  'host' => 'www.my.com',
)
[ info ] [ PARAM ] array (
)
[ info ] [ RUN ] app\home\controller\Index->index[ I:\phpstudy\WWW\myproject\application\home\controller\Index.php ]
[ info ] [ DB ] INIT mysql
[ info ] [ VIEW ] I:\phpstudy\WWW\myproject\public/../application/home\view\index\index.html [ array (
  0 => 'articleList',
  1 => 'current_page',
  2 => 'last_page',
  3 => 'topShow',
  4 => 'categoryInfo',
  5 => 'noData',
) ]
[ info ] [ LOG ] INIT File
[ sql ] [ DB ] CONNECT:[ UseTime:0.001080s ] mysql:host=127.0.0.1;dbname=blog;charset=utf8
[ sql ] [ SQL ] SHOW COLUMNS FROM `article` [ RunTime:0.010386s ]
[ sql ] [ SQL ] SELECT COUNT(*) AS tp_count FROM `article` `a` INNER JOIN `user` `u` ON `a`.`user_id`=`u`.`id` INNER JOIN `category2` `c` ON `a`.`category_id`=`c`.`id` WHERE  `a`.`id` > '0' LIMIT 1 [ RunTime:0.003807s ]
[ sql ] [ SQL ] SELECT `c`.`id`,`c`.`classname`,`u`.`id`,`u`.`username`,`a`.* FROM `article` `a` INNER JOIN `user` `u` ON `a`.`user_id`=`u`.`id` INNER JOIN `category2` `c` ON `a`.`category_id`=`c`.`id` WHERE  `a`.`id` > '0' ORDER BY a.top desc, a.orderby LIMIT 0,3 [ RunTime:0.001106s ]
[ sql ] [ SQL ] SELECT `a`.`id`,`a`.`title`,`a`.`content` FROM `article` `a` WHERE  `top` = 1 LIMIT 3 [ RunTime:0.000721s ]
[ sql ] [ SQL ] SHOW COLUMNS FROM `category2` [ RunTime:0.009657s ]
[ sql ] [ SQL ] SELECT `c`.*,count(a.id) article_count FROM `category2` `c` LEFT JOIN `article` `a` ON `c`.`id`=`a`.`category_id` GROUP BY `c`.`id` ORDER BY article_count desc LIMIT 6 [ RunTime:0.001327s ]
---------------------------------------------------------------
[ 2018-05-09T00:47:13+08:00 ] 127.0.0.1 GET /admin/auth/index.html
[ info ] www.my.com/admin/auth/index.html [运行时间：0.067553s][吞吐率：14.80req/s] [内存消耗：2,235.70kb] [文件加载：56]
[ info ] [ LANG ] I:\phpstudy\WWW\myproject\thinkphp\lang\zh-cn.php
[ info ] [ ROUTE ] array (
  'type' => 'module',
  'module' => 
  array (
    0 => 'admin',
    1 => 'auth',
    2 => 'index',
  ),
)
[ info ] [ HEADER ] array (
  'cookie' => 'p=oRMAAAx/LwAA; s=dpr=1; __utma=144340137.1514062881.1525664007.1525664007.1525664007.1; __utmz=144340137.1525664007.1.1.utmcsr=(direct)|utmccn=(direct)|utmcmd=(none); pgv_pvi=3371843584; PHPSESSID=ggtilbkiahuehc9nb81poq05v1',
  'accept-language' => 'zh-CN,zh;q=0.9',
  'accept-encoding' => 'gzip, deflate',
  'accept' => 'text/html,application/xhtml+xml,application/xml;q=0.9,image/webp,image/apng,*/*;q=0.8',
  'upgrade-insecure-requests' => '1',
  'user-agent' => 'Mozilla/5.0 (Windows NT 10.0; WOW64) AppleWebKit/537.36 (KHTML, like Gecko) Chrome/62.0.3202.89 Safari/537.36',
  'connection' => 'close',
  'host' => 'www.my.com',
)
[ info ] [ PARAM ] array (
  '/admin/auth/index_html' => '',
)
[ info ] [ RUN ] app\admin\controller\Auth->index[ I:\phpstudy\WWW\myproject\application\admin\controller\Auth.php ]
[ info ] [ DB ] INIT mysql
[ info ] [ VIEW ] I:\phpstudy\WWW\myproject\public/../application/admin\view\auth\index.html [ array (
  0 => 'authList',
) ]
[ info ] [ SESSION ] INIT array (
  'id' => '',
  'var_session_id' => '',
  'prefix' => 'think',
  'type' => '',
  'auto_start' => true,
)
[ info ] [ LOG ] INIT File
[ sql ] [ DB ] CONNECT:[ UseTime:0.001571s ] mysql:host=127.0.0.1;dbname=blog;charset=utf8
[ sql ] [ SQL ] SHOW COLUMNS FROM `auth` [ RunTime:0.009902s ]
[ sql ] [ SQL ] SELECT * FROM `auth` [ RunTime:0.001150s ]
---------------------------------------------------------------
[ 2018-05-09T00:49:00+08:00 ] 127.0.0.1 GET /admin/auth/index.html
[ info ] www.my.com/admin/auth/index.html [运行时间：0.058650s][吞吐率：17.05req/s] [内存消耗：2,235.88kb] [文件加载：56]
[ info ] [ LANG ] I:\phpstudy\WWW\myproject\thinkphp\lang\zh-cn.php
[ info ] [ ROUTE ] array (
  'type' => 'module',
  'module' => 
  array (
    0 => 'admin',
    1 => 'auth',
    2 => 'index',
  ),
)
[ info ] [ HEADER ] array (
  'cookie' => 'p=oRMAAAx/LwAA; s=dpr=1; __utma=144340137.1514062881.1525664007.1525664007.1525664007.1; __utmz=144340137.1525664007.1.1.utmcsr=(direct)|utmccn=(direct)|utmcmd=(none); pgv_pvi=3371843584; PHPSESSID=ggtilbkiahuehc9nb81poq05v1',
  'accept-language' => 'zh-CN,zh;q=0.9',
  'accept-encoding' => 'gzip, deflate',
  'accept' => 'text/html,application/xhtml+xml,application/xml;q=0.9,image/webp,image/apng,*/*;q=0.8',
  'upgrade-insecure-requests' => '1',
  'user-agent' => 'Mozilla/5.0 (Windows NT 10.0; WOW64) AppleWebKit/537.36 (KHTML, like Gecko) Chrome/62.0.3202.89 Safari/537.36',
  'cache-control' => 'max-age=0',
  'connection' => 'close',
  'host' => 'www.my.com',
)
[ info ] [ PARAM ] array (
  '/admin/auth/index_html' => '',
)
[ info ] [ RUN ] app\admin\controller\Auth->index[ I:\phpstudy\WWW\myproject\application\admin\controller\Auth.php ]
[ info ] [ DB ] INIT mysql
[ info ] [ VIEW ] I:\phpstudy\WWW\myproject\public/../application/admin\view\auth\index.html [ array (
  0 => 'authList',
) ]
[ info ] [ SESSION ] INIT array (
  'id' => '',
  'var_session_id' => '',
  'prefix' => 'think',
  'type' => '',
  'auto_start' => true,
)
[ info ] [ LOG ] INIT File
[ sql ] [ DB ] CONNECT:[ UseTime:0.001136s ] mysql:host=127.0.0.1;dbname=blog;charset=utf8
[ sql ] [ SQL ] SHOW COLUMNS FROM `auth` [ RunTime:0.007715s ]
[ sql ] [ SQL ] SELECT * FROM `auth` [ RunTime:0.000796s ]
---------------------------------------------------------------
[ 2018-05-09T00:49:02+08:00 ] 127.0.0.1 GET /admin/auth/index.html
[ info ] www.my.com/admin/auth/index.html [运行时间：0.057938s][吞吐率：17.26req/s] [内存消耗：2,235.88kb] [文件加载：56]
[ info ] [ LANG ] I:\phpstudy\WWW\myproject\thinkphp\lang\zh-cn.php
[ info ] [ ROUTE ] array (
  'type' => 'module',
  'module' => 
  array (
    0 => 'admin',
    1 => 'auth',
    2 => 'index',
  ),
)
[ info ] [ HEADER ] array (
  'cookie' => 'p=oRMAAAx/LwAA; s=dpr=1; __utma=144340137.1514062881.1525664007.1525664007.1525664007.1; __utmz=144340137.1525664007.1.1.utmcsr=(direct)|utmccn=(direct)|utmcmd=(none); pgv_pvi=3371843584; PHPSESSID=ggtilbkiahuehc9nb81poq05v1',
  'accept-language' => 'zh-CN,zh;q=0.9',
  'accept-encoding' => 'gzip, deflate',
  'accept' => 'text/html,application/xhtml+xml,application/xml;q=0.9,image/webp,image/apng,*/*;q=0.8',
  'upgrade-insecure-requests' => '1',
  'user-agent' => 'Mozilla/5.0 (Windows NT 10.0; WOW64) AppleWebKit/537.36 (KHTML, like Gecko) Chrome/62.0.3202.89 Safari/537.36',
  'cache-control' => 'max-age=0',
  'connection' => 'close',
  'host' => 'www.my.com',
)
[ info ] [ PARAM ] array (
  '/admin/auth/index_html' => '',
)
[ info ] [ RUN ] app\admin\controller\Auth->index[ I:\phpstudy\WWW\myproject\application\admin\controller\Auth.php ]
[ info ] [ DB ] INIT mysql
[ info ] [ VIEW ] I:\phpstudy\WWW\myproject\public/../application/admin\view\auth\index.html [ array (
  0 => 'authList',
) ]
[ info ] [ SESSION ] INIT array (
  'id' => '',
  'var_session_id' => '',
  'prefix' => 'think',
  'type' => '',
  'auto_start' => true,
)
[ info ] [ LOG ] INIT File
[ sql ] [ DB ] CONNECT:[ UseTime:0.001300s ] mysql:host=127.0.0.1;dbname=blog;charset=utf8
[ sql ] [ SQL ] SHOW COLUMNS FROM `auth` [ RunTime:0.007712s ]
[ sql ] [ SQL ] SELECT * FROM `auth` [ RunTime:0.000859s ]
---------------------------------------------------------------
[ 2018-05-09T00:52:19+08:00 ] 127.0.0.1 GET /admin/auth/index.html
[ info ] www.my.com/admin/auth/index.html [运行时间：0.070889s][吞吐率：14.11req/s] [内存消耗：2,376.33kb] [文件加载：58]
[ info ] [ LANG ] I:\phpstudy\WWW\myproject\thinkphp\lang\zh-cn.php
[ info ] [ ROUTE ] array (
  'type' => 'module',
  'module' => 
  array (
    0 => 'admin',
    1 => 'auth',
    2 => 'index',
  ),
)
[ info ] [ HEADER ] array (
  'cookie' => 'p=oRMAAAx/LwAA; s=dpr=1; __utma=144340137.1514062881.1525664007.1525664007.1525664007.1; __utmz=144340137.1525664007.1.1.utmcsr=(direct)|utmccn=(direct)|utmcmd=(none); pgv_pvi=3371843584; PHPSESSID=ggtilbkiahuehc9nb81poq05v1',
  'accept-language' => 'zh-CN,zh;q=0.9',
  'accept-encoding' => 'gzip, deflate',
  'accept' => 'text/html,application/xhtml+xml,application/xml;q=0.9,image/webp,image/apng,*/*;q=0.8',
  'upgrade-insecure-requests' => '1',
  'user-agent' => 'Mozilla/5.0 (Windows NT 10.0; WOW64) AppleWebKit/537.36 (KHTML, like Gecko) Chrome/62.0.3202.89 Safari/537.36',
  'cache-control' => 'max-age=0',
  'connection' => 'close',
  'host' => 'www.my.com',
)
[ info ] [ PARAM ] array (
  '/admin/auth/index_html' => '',
)
[ info ] [ RUN ] app\admin\controller\Auth->index[ I:\phpstudy\WWW\myproject\application\admin\controller\Auth.php ]
[ info ] [ DB ] INIT mysql
[ info ] [ VIEW ] I:\phpstudy\WWW\myproject\public/../application/admin\view\auth\index.html [ array (
  0 => 'authList',
) ]
[ info ] [ SESSION ] INIT array (
  'id' => '',
  'var_session_id' => '',
  'prefix' => 'think',
  'type' => '',
  'auto_start' => true,
)
[ info ] [ LOG ] INIT File
[ sql ] [ DB ] CONNECT:[ UseTime:0.001908s ] mysql:host=127.0.0.1;dbname=blog;charset=utf8
[ sql ] [ SQL ] SHOW COLUMNS FROM `auth` [ RunTime:0.009665s ]
[ sql ] [ SQL ] SELECT * FROM `auth` [ RunTime:0.000770s ]
---------------------------------------------------------------
[ 2018-05-09T00:59:55+08:00 ] 127.0.0.1 GET /admin/auth/index.html
[ info ] www.my.com/admin/auth/index.html [运行时间：0.065163s][吞吐率：15.35req/s] [内存消耗：2,376.45kb] [文件加载：58]
[ info ] [ LANG ] I:\phpstudy\WWW\myproject\thinkphp\lang\zh-cn.php
[ info ] [ ROUTE ] array (
  'type' => 'module',
  'module' => 
  array (
    0 => 'admin',
    1 => 'auth',
    2 => 'index',
  ),
)
[ info ] [ HEADER ] array (
  'cookie' => 'p=oRMAAAx/LwAA; s=dpr=1; __utma=144340137.1514062881.1525664007.1525664007.1525664007.1; __utmz=144340137.1525664007.1.1.utmcsr=(direct)|utmccn=(direct)|utmcmd=(none); pgv_pvi=3371843584; PHPSESSID=ggtilbkiahuehc9nb81poq05v1',
  'accept-language' => 'zh-CN,zh;q=0.9',
  'accept-encoding' => 'gzip, deflate',
  'accept' => 'text/html,application/xhtml+xml,application/xml;q=0.9,image/webp,image/apng,*/*;q=0.8',
  'upgrade-insecure-requests' => '1',
  'user-agent' => 'Mozilla/5.0 (Windows NT 10.0; WOW64) AppleWebKit/537.36 (KHTML, like Gecko) Chrome/62.0.3202.89 Safari/537.36',
  'cache-control' => 'max-age=0',
  'connection' => 'close',
  'host' => 'www.my.com',
)
[ info ] [ PARAM ] array (
  '/admin/auth/index_html' => '',
)
[ info ] [ RUN ] app\admin\controller\Auth->index[ I:\phpstudy\WWW\myproject\application\admin\controller\Auth.php ]
[ info ] [ DB ] INIT mysql
[ info ] [ VIEW ] I:\phpstudy\WWW\myproject\public/../application/admin\view\auth\index.html [ array (
  0 => 'authList',
) ]
[ info ] [ SESSION ] INIT array (
  'id' => '',
  'var_session_id' => '',
  'prefix' => 'think',
  'type' => '',
  'auto_start' => true,
)
[ info ] [ LOG ] INIT File
[ sql ] [ DB ] CONNECT:[ UseTime:0.001098s ] mysql:host=127.0.0.1;dbname=blog;charset=utf8
[ sql ] [ SQL ] SHOW COLUMNS FROM `auth` [ RunTime:0.008594s ]
[ sql ] [ SQL ] SELECT * FROM `auth` [ RunTime:0.000746s ]
---------------------------------------------------------------
[ 2018-05-09T00:59:56+08:00 ] 127.0.0.1 GET /admin/auth/create.html
[ info ] www.my.com/admin/auth/create.html [运行时间：0.030193s][吞吐率：33.12req/s] [内存消耗：1,259.80kb] [文件加载：44]
[ info ] [ LANG ] I:\phpstudy\WWW\myproject\thinkphp\lang\zh-cn.php
[ info ] [ ROUTE ] array (
  'type' => 'module',
  'module' => 
  array (
    0 => 'admin',
    1 => 'auth',
    2 => 'create',
  ),
)
[ info ] [ HEADER ] array (
  'cookie' => 'p=oRMAAAx/LwAA; s=dpr=1; __utma=144340137.1514062881.1525664007.1525664007.1525664007.1; __utmz=144340137.1525664007.1.1.utmcsr=(direct)|utmccn=(direct)|utmcmd=(none); pgv_pvi=3371843584; PHPSESSID=ggtilbkiahuehc9nb81poq05v1',
  'accept-language' => 'zh-CN,zh;q=0.9',
  'accept-encoding' => 'gzip, deflate',
  'referer' => 'http://www.my.com/admin/auth/index.html',
  'accept' => 'text/html,application/xhtml+xml,application/xml;q=0.9,image/webp,image/apng,*/*;q=0.8',
  'user-agent' => 'Mozilla/5.0 (Windows NT 10.0; WOW64) AppleWebKit/537.36 (KHTML, like Gecko) Chrome/62.0.3202.89 Safari/537.36',
  'upgrade-insecure-requests' => '1',
  'connection' => 'close',
  'host' => 'www.my.com',
)
[ info ] [ PARAM ] array (
  '/admin/auth/create_html' => '',
)
[ info ] [ RUN ] app\admin\controller\Auth->create[ I:\phpstudy\WWW\myproject\application\admin\controller\Auth.php ]
[ info ] [ LOG ] INIT File
---------------------------------------------------------------
[ 2018-05-09T00:59:58+08:00 ] 127.0.0.1 GET /admin/auth/index.html
[ info ] www.my.com/admin/auth/index.html [运行时间：0.053696s][吞吐率：18.62req/s] [内存消耗：2,235.69kb] [文件加载：56]
[ info ] [ LANG ] I:\phpstudy\WWW\myproject\thinkphp\lang\zh-cn.php
[ info ] [ ROUTE ] array (
  'type' => 'module',
  'module' => 
  array (
    0 => 'admin',
    1 => 'auth',
    2 => 'index',
  ),
)
[ info ] [ HEADER ] array (
  'cookie' => 'p=oRMAAAx/LwAA; s=dpr=1; __utma=144340137.1514062881.1525664007.1525664007.1525664007.1; __utmz=144340137.1525664007.1.1.utmcsr=(direct)|utmccn=(direct)|utmcmd=(none); pgv_pvi=3371843584; PHPSESSID=ggtilbkiahuehc9nb81poq05v1',
  'accept-language' => 'zh-CN,zh;q=0.9',
  'accept-encoding' => 'gzip, deflate',
  'accept' => 'text/html,application/xhtml+xml,application/xml;q=0.9,image/webp,image/apng,*/*;q=0.8',
  'upgrade-insecure-requests' => '1',
  'user-agent' => 'Mozilla/5.0 (Windows NT 10.0; WOW64) AppleWebKit/537.36 (KHTML, like Gecko) Chrome/62.0.3202.89 Safari/537.36',
  'connection' => 'close',
  'host' => 'www.my.com',
)
[ info ] [ PARAM ] array (
  '/admin/auth/index_html' => '',
)
[ info ] [ RUN ] app\admin\controller\Auth->index[ I:\phpstudy\WWW\myproject\application\admin\controller\Auth.php ]
[ info ] [ DB ] INIT mysql
[ info ] [ VIEW ] I:\phpstudy\WWW\myproject\public/../application/admin\view\auth\index.html [ array (
  0 => 'authList',
) ]
[ info ] [ SESSION ] INIT array (
  'id' => '',
  'var_session_id' => '',
  'prefix' => 'think',
  'type' => '',
  'auto_start' => true,
)
[ info ] [ LOG ] INIT File
[ sql ] [ DB ] CONNECT:[ UseTime:0.001181s ] mysql:host=127.0.0.1;dbname=blog;charset=utf8
[ sql ] [ SQL ] SHOW COLUMNS FROM `auth` [ RunTime:0.006922s ]
[ sql ] [ SQL ] SELECT * FROM `auth` [ RunTime:0.000627s ]
---------------------------------------------------------------
[ 2018-05-09T01:03:03+08:00 ] 127.0.0.1 GET /admin/auth/index.html
[ info ] www.my.com/admin/auth/index.html [运行时间：0.069070s][吞吐率：14.48req/s] [内存消耗：2,377.92kb] [文件加载：58]
[ info ] [ LANG ] I:\phpstudy\WWW\myproject\thinkphp\lang\zh-cn.php
[ info ] [ ROUTE ] array (
  'type' => 'module',
  'module' => 
  array (
    0 => 'admin',
    1 => 'auth',
    2 => 'index',
  ),
)
[ info ] [ HEADER ] array (
  'cookie' => 'p=oRMAAAx/LwAA; s=dpr=1; __utma=144340137.1514062881.1525664007.1525664007.1525664007.1; __utmz=144340137.1525664007.1.1.utmcsr=(direct)|utmccn=(direct)|utmcmd=(none); pgv_pvi=3371843584; PHPSESSID=ggtilbkiahuehc9nb81poq05v1',
  'accept-language' => 'zh-CN,zh;q=0.9',
  'accept-encoding' => 'gzip, deflate',
  'accept' => 'text/html,application/xhtml+xml,application/xml;q=0.9,image/webp,image/apng,*/*;q=0.8',
  'upgrade-insecure-requests' => '1',
  'user-agent' => 'Mozilla/5.0 (Windows NT 10.0; WOW64) AppleWebKit/537.36 (KHTML, like Gecko) Chrome/62.0.3202.89 Safari/537.36',
  'cache-control' => 'max-age=0',
  'connection' => 'close',
  'host' => 'www.my.com',
)
[ info ] [ PARAM ] array (
  '/admin/auth/index_html' => '',
)
[ info ] [ RUN ] app\admin\controller\Auth->index[ I:\phpstudy\WWW\myproject\application\admin\controller\Auth.php ]
[ info ] [ DB ] INIT mysql
[ info ] [ VIEW ] I:\phpstudy\WWW\myproject\public/../application/admin\view\auth\index.html [ array (
  0 => 'authList',
) ]
[ info ] [ SESSION ] INIT array (
  'id' => '',
  'var_session_id' => '',
  'prefix' => 'think',
  'type' => '',
  'auto_start' => true,
)
[ info ] [ LOG ] INIT File
[ sql ] [ DB ] CONNECT:[ UseTime:0.001932s ] mysql:host=127.0.0.1;dbname=blog;charset=utf8
[ sql ] [ SQL ] SHOW COLUMNS FROM `auth` [ RunTime:0.010052s ]
[ sql ] [ SQL ] SELECT * FROM `auth` [ RunTime:0.000613s ]
---------------------------------------------------------------
[ 2018-05-09T01:03:05+08:00 ] 127.0.0.1 GET /admin/auth/edit/id/1.html
[ info ] www.my.com/admin/auth/edit/id/1.html [运行时间：0.031622s][吞吐率：31.62req/s] [内存消耗：1,260.20kb] [文件加载：44]
[ info ] [ LANG ] I:\phpstudy\WWW\myproject\thinkphp\lang\zh-cn.php
[ info ] [ ROUTE ] array (
  'type' => 'module',
  'module' => 
  array (
    0 => 'admin',
    1 => 'auth',
    2 => 'edit',
  ),
)
[ info ] [ HEADER ] array (
  'cookie' => 'p=oRMAAAx/LwAA; s=dpr=1; __utma=144340137.1514062881.1525664007.1525664007.1525664007.1; __utmz=144340137.1525664007.1.1.utmcsr=(direct)|utmccn=(direct)|utmcmd=(none); pgv_pvi=3371843584; PHPSESSID=ggtilbkiahuehc9nb81poq05v1',
  'accept-language' => 'zh-CN,zh;q=0.9',
  'accept-encoding' => 'gzip, deflate',
  'referer' => 'http://www.my.com/admin/auth/index.html',
  'accept' => 'text/html,application/xhtml+xml,application/xml;q=0.9,image/webp,image/apng,*/*;q=0.8',
  'user-agent' => 'Mozilla/5.0 (Windows NT 10.0; WOW64) AppleWebKit/537.36 (KHTML, like Gecko) Chrome/62.0.3202.89 Safari/537.36',
  'upgrade-insecure-requests' => '1',
  'connection' => 'close',
  'host' => 'www.my.com',
)
[ info ] [ PARAM ] array (
  '/admin/auth/edit/id/1_html' => '',
  'id' => '1',
)
[ info ] [ RUN ] app\admin\controller\Auth->edit[ I:\phpstudy\WWW\myproject\application\admin\controller\Auth.php ]
[ info ] [ LOG ] INIT File
---------------------------------------------------------------
[ 2018-05-09T01:03:06+08:00 ] 127.0.0.1 GET /admin/auth/index.html
[ info ] www.my.com/admin/auth/index.html [运行时间：0.057074s][吞吐率：17.52req/s] [内存消耗：2,235.89kb] [文件加载：56]
[ info ] [ LANG ] I:\phpstudy\WWW\myproject\thinkphp\lang\zh-cn.php
[ info ] [ ROUTE ] array (
  'type' => 'module',
  'module' => 
  array (
    0 => 'admin',
    1 => 'auth',
    2 => 'index',
  ),
)
[ info ] [ HEADER ] array (
  'cookie' => 'p=oRMAAAx/LwAA; s=dpr=1; __utma=144340137.1514062881.1525664007.1525664007.1525664007.1; __utmz=144340137.1525664007.1.1.utmcsr=(direct)|utmccn=(direct)|utmcmd=(none); pgv_pvi=3371843584; PHPSESSID=ggtilbkiahuehc9nb81poq05v1',
  'accept-language' => 'zh-CN,zh;q=0.9',
  'accept-encoding' => 'gzip, deflate',
  'accept' => 'text/html,application/xhtml+xml,application/xml;q=0.9,image/webp,image/apng,*/*;q=0.8',
  'upgrade-insecure-requests' => '1',
  'user-agent' => 'Mozilla/5.0 (Windows NT 10.0; WOW64) AppleWebKit/537.36 (KHTML, like Gecko) Chrome/62.0.3202.89 Safari/537.36',
  'connection' => 'close',
  'host' => 'www.my.com',
)
[ info ] [ PARAM ] array (
  '/admin/auth/index_html' => '',
)
[ info ] [ RUN ] app\admin\controller\Auth->index[ I:\phpstudy\WWW\myproject\application\admin\controller\Auth.php ]
[ info ] [ DB ] INIT mysql
[ info ] [ VIEW ] I:\phpstudy\WWW\myproject\public/../application/admin\view\auth\index.html [ array (
  0 => 'authList',
) ]
[ info ] [ SESSION ] INIT array (
  'id' => '',
  'var_session_id' => '',
  'prefix' => 'think',
  'type' => '',
  'auto_start' => true,
)
[ info ] [ LOG ] INIT File
[ sql ] [ DB ] CONNECT:[ UseTime:0.001106s ] mysql:host=127.0.0.1;dbname=blog;charset=utf8
[ sql ] [ SQL ] SHOW COLUMNS FROM `auth` [ RunTime:0.008758s ]
[ sql ] [ SQL ] SELECT * FROM `auth` [ RunTime:0.000827s ]
---------------------------------------------------------------
[ 2018-05-09T01:03:08+08:00 ] 127.0.0.1 GET /admin/auth/edit/id/8.html
[ info ] www.my.com/admin/auth/edit/id/8.html [运行时间：0.034738s][吞吐率：28.79req/s] [内存消耗：1,260.20kb] [文件加载：44]
[ info ] [ LANG ] I:\phpstudy\WWW\myproject\thinkphp\lang\zh-cn.php
[ info ] [ ROUTE ] array (
  'type' => 'module',
  'module' => 
  array (
    0 => 'admin',
    1 => 'auth',
    2 => 'edit',
  ),
)
[ info ] [ HEADER ] array (
  'cookie' => 'p=oRMAAAx/LwAA; s=dpr=1; __utma=144340137.1514062881.1525664007.1525664007.1525664007.1; __utmz=144340137.1525664007.1.1.utmcsr=(direct)|utmccn=(direct)|utmcmd=(none); pgv_pvi=3371843584; PHPSESSID=ggtilbkiahuehc9nb81poq05v1',
  'accept-language' => 'zh-CN,zh;q=0.9',
  'accept-encoding' => 'gzip, deflate',
  'referer' => 'http://www.my.com/admin/auth/index.html',
  'accept' => 'text/html,application/xhtml+xml,application/xml;q=0.9,image/webp,image/apng,*/*;q=0.8',
  'user-agent' => 'Mozilla/5.0 (Windows NT 10.0; WOW64) AppleWebKit/537.36 (KHTML, like Gecko) Chrome/62.0.3202.89 Safari/537.36',
  'upgrade-insecure-requests' => '1',
  'connection' => 'close',
  'host' => 'www.my.com',
)
[ info ] [ PARAM ] array (
  '/admin/auth/edit/id/8_html' => '',
  'id' => '8',
)
[ info ] [ RUN ] app\admin\controller\Auth->edit[ I:\phpstudy\WWW\myproject\application\admin\controller\Auth.php ]
[ info ] [ LOG ] INIT File
---------------------------------------------------------------
[ 2018-05-09T01:03:09+08:00 ] 127.0.0.1 GET /admin/auth/index.html
[ info ] www.my.com/admin/auth/index.html [运行时间：0.057238s][吞吐率：17.47req/s] [内存消耗：2,235.89kb] [文件加载：56]
[ info ] [ LANG ] I:\phpstudy\WWW\myproject\thinkphp\lang\zh-cn.php
[ info ] [ ROUTE ] array (
  'type' => 'module',
  'module' => 
  array (
    0 => 'admin',
    1 => 'auth',
    2 => 'index',
  ),
)
[ info ] [ HEADER ] array (
  'cookie' => 'p=oRMAAAx/LwAA; s=dpr=1; __utma=144340137.1514062881.1525664007.1525664007.1525664007.1; __utmz=144340137.1525664007.1.1.utmcsr=(direct)|utmccn=(direct)|utmcmd=(none); pgv_pvi=3371843584; PHPSESSID=ggtilbkiahuehc9nb81poq05v1',
  'accept-language' => 'zh-CN,zh;q=0.9',
  'accept-encoding' => 'gzip, deflate',
  'accept' => 'text/html,application/xhtml+xml,application/xml;q=0.9,image/webp,image/apng,*/*;q=0.8',
  'upgrade-insecure-requests' => '1',
  'user-agent' => 'Mozilla/5.0 (Windows NT 10.0; WOW64) AppleWebKit/537.36 (KHTML, like Gecko) Chrome/62.0.3202.89 Safari/537.36',
  'connection' => 'close',
  'host' => 'www.my.com',
)
[ info ] [ PARAM ] array (
  '/admin/auth/index_html' => '',
)
[ info ] [ RUN ] app\admin\controller\Auth->index[ I:\phpstudy\WWW\myproject\application\admin\controller\Auth.php ]
[ info ] [ DB ] INIT mysql
[ info ] [ VIEW ] I:\phpstudy\WWW\myproject\public/../application/admin\view\auth\index.html [ array (
  0 => 'authList',
) ]
[ info ] [ SESSION ] INIT array (
  'id' => '',
  'var_session_id' => '',
  'prefix' => 'think',
  'type' => '',
  'auto_start' => true,
)
[ info ] [ LOG ] INIT File
[ sql ] [ DB ] CONNECT:[ UseTime:0.001177s ] mysql:host=127.0.0.1;dbname=blog;charset=utf8
[ sql ] [ SQL ] SHOW COLUMNS FROM `auth` [ RunTime:0.006812s ]
[ sql ] [ SQL ] SELECT * FROM `auth` [ RunTime:0.000629s ]
---------------------------------------------------------------
[ 2018-05-09T01:09:32+08:00 ] 127.0.0.1 GET /admin/auth/index.html
[ info ] www.my.com/admin/auth/index.html [运行时间：0.058932s][吞吐率：16.97req/s] [内存消耗：2,236.16kb] [文件加载：56]
[ info ] [ LANG ] I:\phpstudy\WWW\myproject\thinkphp\lang\zh-cn.php
[ info ] [ ROUTE ] array (
  'type' => 'module',
  'module' => 
  array (
    0 => 'admin',
    1 => 'auth',
    2 => 'index',
  ),
)
[ info ] [ HEADER ] array (
  'cookie' => 'p=oRMAAAx/LwAA; s=dpr=1; __utma=144340137.1514062881.1525664007.1525664007.1525664007.1; __utmz=144340137.1525664007.1.1.utmcsr=(direct)|utmccn=(direct)|utmcmd=(none); pgv_pvi=3371843584; PHPSESSID=ggtilbkiahuehc9nb81poq05v1',
  'accept-language' => 'zh-CN,zh;q=0.9',
  'accept-encoding' => 'gzip, deflate',
  'referer' => 'http://www.my.com/admin/auth/index.html',
  'accept' => 'text/html,application/xhtml+xml,application/xml;q=0.9,image/webp,image/apng,*/*;q=0.8',
  'user-agent' => 'Mozilla/5.0 (Windows NT 10.0; WOW64) AppleWebKit/537.36 (KHTML, like Gecko) Chrome/62.0.3202.89 Safari/537.36',
  'upgrade-insecure-requests' => '1',
  'connection' => 'close',
  'host' => 'www.my.com',
)
[ info ] [ PARAM ] array (
  '/admin/auth/index_html' => '',
)
[ info ] [ RUN ] app\admin\controller\Auth->index[ I:\phpstudy\WWW\myproject\application\admin\controller\Auth.php ]
[ info ] [ DB ] INIT mysql
[ info ] [ VIEW ] I:\phpstudy\WWW\myproject\public/../application/admin\view\auth\index.html [ array (
  0 => 'authList',
) ]
[ info ] [ SESSION ] INIT array (
  'id' => '',
  'var_session_id' => '',
  'prefix' => 'think',
  'type' => '',
  'auto_start' => true,
)
[ info ] [ LOG ] INIT File
[ sql ] [ DB ] CONNECT:[ UseTime:0.001107s ] mysql:host=127.0.0.1;dbname=blog;charset=utf8
[ sql ] [ SQL ] SHOW COLUMNS FROM `auth` [ RunTime:0.007103s ]
[ sql ] [ SQL ] SELECT * FROM `auth` [ RunTime:0.000593s ]
---------------------------------------------------------------
[ 2018-05-09T01:09:35+08:00 ] 127.0.0.1 GET /admin/auth/index.html
[ info ] www.my.com/admin/auth/index.html [运行时间：0.053810s][吞吐率：18.58req/s] [内存消耗：2,236.16kb] [文件加载：56]
[ info ] [ LANG ] I:\phpstudy\WWW\myproject\thinkphp\lang\zh-cn.php
[ info ] [ ROUTE ] array (
  'type' => 'module',
  'module' => 
  array (
    0 => 'admin',
    1 => 'auth',
    2 => 'index',
  ),
)
[ info ] [ HEADER ] array (
  'cookie' => 'p=oRMAAAx/LwAA; s=dpr=1; __utma=144340137.1514062881.1525664007.1525664007.1525664007.1; __utmz=144340137.1525664007.1.1.utmcsr=(direct)|utmccn=(direct)|utmcmd=(none); pgv_pvi=3371843584; PHPSESSID=ggtilbkiahuehc9nb81poq05v1',
  'accept-language' => 'zh-CN,zh;q=0.9',
  'accept-encoding' => 'gzip, deflate',
  'referer' => 'http://www.my.com/admin/auth/index.html',
  'accept' => 'text/html,application/xhtml+xml,application/xml;q=0.9,image/webp,image/apng,*/*;q=0.8',
  'user-agent' => 'Mozilla/5.0 (Windows NT 10.0; WOW64) AppleWebKit/537.36 (KHTML, like Gecko) Chrome/62.0.3202.89 Safari/537.36',
  'upgrade-insecure-requests' => '1',
  'connection' => 'close',
  'host' => 'www.my.com',
)
[ info ] [ PARAM ] array (
  '/admin/auth/index_html' => '',
)
[ info ] [ RUN ] app\admin\controller\Auth->index[ I:\phpstudy\WWW\myproject\application\admin\controller\Auth.php ]
[ info ] [ DB ] INIT mysql
[ info ] [ VIEW ] I:\phpstudy\WWW\myproject\public/../application/admin\view\auth\index.html [ array (
  0 => 'authList',
) ]
[ info ] [ SESSION ] INIT array (
  'id' => '',
  'var_session_id' => '',
  'prefix' => 'think',
  'type' => '',
  'auto_start' => true,
)
[ info ] [ LOG ] INIT File
[ sql ] [ DB ] CONNECT:[ UseTime:0.001114s ] mysql:host=127.0.0.1;dbname=blog;charset=utf8
[ sql ] [ SQL ] SHOW COLUMNS FROM `auth` [ RunTime:0.007607s ]
[ sql ] [ SQL ] SELECT * FROM `auth` [ RunTime:0.000589s ]
---------------------------------------------------------------
[ 2018-05-09T01:10:45+08:00 ] 127.0.0.1 GET /admin/auth/index.html
[ info ] www.my.com/admin/auth/index.html [运行时间：0.061756s][吞吐率：16.19req/s] [内存消耗：2,236.16kb] [文件加载：56]
[ info ] [ LANG ] I:\phpstudy\WWW\myproject\thinkphp\lang\zh-cn.php
[ info ] [ ROUTE ] array (
  'type' => 'module',
  'module' => 
  array (
    0 => 'admin',
    1 => 'auth',
    2 => 'index',
  ),
)
[ info ] [ HEADER ] array (
  'cookie' => 'p=oRMAAAx/LwAA; s=dpr=1; __utma=144340137.1514062881.1525664007.1525664007.1525664007.1; __utmz=144340137.1525664007.1.1.utmcsr=(direct)|utmccn=(direct)|utmcmd=(none); pgv_pvi=3371843584; PHPSESSID=ggtilbkiahuehc9nb81poq05v1',
  'accept-language' => 'zh-CN,zh;q=0.9',
  'accept-encoding' => 'gzip, deflate',
  'referer' => 'http://www.my.com/admin/auth/index.html',
  'accept' => 'text/html,application/xhtml+xml,application/xml;q=0.9,image/webp,image/apng,*/*;q=0.8',
  'user-agent' => 'Mozilla/5.0 (Windows NT 10.0; WOW64) AppleWebKit/537.36 (KHTML, like Gecko) Chrome/62.0.3202.89 Safari/537.36',
  'upgrade-insecure-requests' => '1',
  'connection' => 'close',
  'host' => 'www.my.com',
)
[ info ] [ PARAM ] array (
  '/admin/auth/index_html' => '',
)
[ info ] [ RUN ] app\admin\controller\Auth->index[ I:\phpstudy\WWW\myproject\application\admin\controller\Auth.php ]
[ info ] [ DB ] INIT mysql
[ info ] [ VIEW ] I:\phpstudy\WWW\myproject\public/../application/admin\view\auth\index.html [ array (
  0 => 'authList',
) ]
[ info ] [ SESSION ] INIT array (
  'id' => '',
  'var_session_id' => '',
  'prefix' => 'think',
  'type' => '',
  'auto_start' => true,
)
[ info ] [ LOG ] INIT File
[ sql ] [ DB ] CONNECT:[ UseTime:0.001085s ] mysql:host=127.0.0.1;dbname=blog;charset=utf8
[ sql ] [ SQL ] SHOW COLUMNS FROM `auth` [ RunTime:0.007358s ]
[ sql ] [ SQL ] SELECT * FROM `auth` [ RunTime:0.000688s ]
---------------------------------------------------------------
[ 2018-05-09T01:11:32+08:00 ] 127.0.0.1 GET /admin/auth/index.html
[ info ] www.my.com/admin/auth/index.html [运行时间：0.063931s][吞吐率：15.64req/s] [内存消耗：2,236.47kb] [文件加载：56]
[ info ] [ LANG ] I:\phpstudy\WWW\myproject\thinkphp\lang\zh-cn.php
[ info ] [ ROUTE ] array (
  'type' => 'module',
  'module' => 
  array (
    0 => 'admin',
    1 => 'auth',
    2 => 'index',
  ),
)
[ info ] [ HEADER ] array (
  'cookie' => 'p=oRMAAAx/LwAA; s=dpr=1; __utma=144340137.1514062881.1525664007.1525664007.1525664007.1; __utmz=144340137.1525664007.1.1.utmcsr=(direct)|utmccn=(direct)|utmcmd=(none); pgv_pvi=3371843584; PHPSESSID=ggtilbkiahuehc9nb81poq05v1',
  'accept-language' => 'zh-CN,zh;q=0.9',
  'accept-encoding' => 'gzip, deflate',
  'referer' => 'http://www.my.com/admin/auth/index.html',
  'accept' => 'text/html,application/xhtml+xml,application/xml;q=0.9,image/webp,image/apng,*/*;q=0.8',
  'upgrade-insecure-requests' => '1',
  'user-agent' => 'Mozilla/5.0 (Windows NT 10.0; WOW64) AppleWebKit/537.36 (KHTML, like Gecko) Chrome/62.0.3202.89 Safari/537.36',
  'cache-control' => 'max-age=0',
  'connection' => 'close',
  'host' => 'www.my.com',
)
[ info ] [ PARAM ] array (
  '/admin/auth/index_html' => '',
)
[ info ] [ RUN ] app\admin\controller\Auth->index[ I:\phpstudy\WWW\myproject\application\admin\controller\Auth.php ]
[ info ] [ DB ] INIT mysql
[ info ] [ VIEW ] I:\phpstudy\WWW\myproject\public/../application/admin\view\auth\index.html [ array (
  0 => 'authList',
) ]
[ info ] [ SESSION ] INIT array (
  'id' => '',
  'var_session_id' => '',
  'prefix' => 'think',
  'type' => '',
  'auto_start' => true,
)
[ info ] [ LOG ] INIT File
[ sql ] [ DB ] CONNECT:[ UseTime:0.001344s ] mysql:host=127.0.0.1;dbname=blog;charset=utf8
[ sql ] [ SQL ] SHOW COLUMNS FROM `auth` [ RunTime:0.010498s ]
[ sql ] [ SQL ] SELECT * FROM `auth` [ RunTime:0.000631s ]
---------------------------------------------------------------
[ 2018-05-09T01:11:55+08:00 ] 127.0.0.1 GET /admin/auth/create.html
[ info ] www.my.com/admin/auth/create.html [运行时间：0.032369s][吞吐率：30.89req/s] [内存消耗：1,259.93kb] [文件加载：44]
[ info ] [ LANG ] I:\phpstudy\WWW\myproject\thinkphp\lang\zh-cn.php
[ info ] [ ROUTE ] array (
  'type' => 'module',
  'module' => 
  array (
    0 => 'admin',
    1 => 'auth',
    2 => 'create',
  ),
)
[ info ] [ HEADER ] array (
  'cookie' => 'p=oRMAAAx/LwAA; s=dpr=1; __utma=144340137.1514062881.1525664007.1525664007.1525664007.1; __utmz=144340137.1525664007.1.1.utmcsr=(direct)|utmccn=(direct)|utmcmd=(none); pgv_pvi=3371843584; PHPSESSID=ggtilbkiahuehc9nb81poq05v1',
  'accept-language' => 'zh-CN,zh;q=0.9',
  'accept-encoding' => 'gzip, deflate',
  'referer' => 'http://www.my.com/admin/auth/index.html',
  'accept' => 'text/html,application/xhtml+xml,application/xml;q=0.9,image/webp,image/apng,*/*;q=0.8',
  'user-agent' => 'Mozilla/5.0 (Windows NT 10.0; WOW64) AppleWebKit/537.36 (KHTML, like Gecko) Chrome/62.0.3202.89 Safari/537.36',
  'upgrade-insecure-requests' => '1',
  'connection' => 'close',
  'host' => 'www.my.com',
)
[ info ] [ PARAM ] array (
  '/admin/auth/create_html' => '',
)
[ info ] [ RUN ] app\admin\controller\Auth->create[ I:\phpstudy\WWW\myproject\application\admin\controller\Auth.php ]
[ info ] [ LOG ] INIT File
---------------------------------------------------------------
[ 2018-05-09T01:11:56+08:00 ] 127.0.0.1 GET /admin/auth/index.html
[ info ] www.my.com/admin/auth/index.html [运行时间：0.061439s][吞吐率：16.28req/s] [内存消耗：2,236.16kb] [文件加载：56]
[ info ] [ LANG ] I:\phpstudy\WWW\myproject\thinkphp\lang\zh-cn.php
[ info ] [ ROUTE ] array (
  'type' => 'module',
  'module' => 
  array (
    0 => 'admin',
    1 => 'auth',
    2 => 'index',
  ),
)
[ info ] [ HEADER ] array (
  'cookie' => 'p=oRMAAAx/LwAA; s=dpr=1; __utma=144340137.1514062881.1525664007.1525664007.1525664007.1; __utmz=144340137.1525664007.1.1.utmcsr=(direct)|utmccn=(direct)|utmcmd=(none); pgv_pvi=3371843584; PHPSESSID=ggtilbkiahuehc9nb81poq05v1',
  'accept-language' => 'zh-CN,zh;q=0.9',
  'accept-encoding' => 'gzip, deflate',
  'referer' => 'http://www.my.com/admin/auth/index.html',
  'accept' => 'text/html,application/xhtml+xml,application/xml;q=0.9,image/webp,image/apng,*/*;q=0.8',
  'upgrade-insecure-requests' => '1',
  'user-agent' => 'Mozilla/5.0 (Windows NT 10.0; WOW64) AppleWebKit/537.36 (KHTML, like Gecko) Chrome/62.0.3202.89 Safari/537.36',
  'connection' => 'close',
  'host' => 'www.my.com',
)
[ info ] [ PARAM ] array (
  '/admin/auth/index_html' => '',
)
[ info ] [ RUN ] app\admin\controller\Auth->index[ I:\phpstudy\WWW\myproject\application\admin\controller\Auth.php ]
[ info ] [ DB ] INIT mysql
[ info ] [ VIEW ] I:\phpstudy\WWW\myproject\public/../application/admin\view\auth\index.html [ array (
  0 => 'authList',
) ]
[ info ] [ SESSION ] INIT array (
  'id' => '',
  'var_session_id' => '',
  'prefix' => 'think',
  'type' => '',
  'auto_start' => true,
)
[ info ] [ LOG ] INIT File
[ sql ] [ DB ] CONNECT:[ UseTime:0.001261s ] mysql:host=127.0.0.1;dbname=blog;charset=utf8
[ sql ] [ SQL ] SHOW COLUMNS FROM `auth` [ RunTime:0.007558s ]
[ sql ] [ SQL ] SELECT * FROM `auth` [ RunTime:0.000677s ]
---------------------------------------------------------------
[ 2018-05-09T01:12:09+08:00 ] 127.0.0.1 GET /admin/auth/index.html
[ info ] www.my.com/admin/auth/index.html [运行时间：0.061815s][吞吐率：16.18req/s] [内存消耗：2,236.16kb] [文件加载：56]
[ info ] [ LANG ] I:\phpstudy\WWW\myproject\thinkphp\lang\zh-cn.php
[ info ] [ ROUTE ] array (
  'type' => 'module',
  'module' => 
  array (
    0 => 'admin',
    1 => 'auth',
    2 => 'index',
  ),
)
[ info ] [ HEADER ] array (
  'cookie' => 'p=oRMAAAx/LwAA; s=dpr=1; __utma=144340137.1514062881.1525664007.1525664007.1525664007.1; __utmz=144340137.1525664007.1.1.utmcsr=(direct)|utmccn=(direct)|utmcmd=(none); pgv_pvi=3371843584; PHPSESSID=ggtilbkiahuehc9nb81poq05v1',
  'accept-language' => 'zh-CN,zh;q=0.9',
  'accept-encoding' => 'gzip, deflate',
  'referer' => 'http://www.my.com/admin/auth/index.html',
  'accept' => 'text/html,application/xhtml+xml,application/xml;q=0.9,image/webp,image/apng,*/*;q=0.8',
  'user-agent' => 'Mozilla/5.0 (Windows NT 10.0; WOW64) AppleWebKit/537.36 (KHTML, like Gecko) Chrome/62.0.3202.89 Safari/537.36',
  'upgrade-insecure-requests' => '1',
  'connection' => 'close',
  'host' => 'www.my.com',
)
[ info ] [ PARAM ] array (
  '/admin/auth/index_html' => '',
)
[ info ] [ RUN ] app\admin\controller\Auth->index[ I:\phpstudy\WWW\myproject\application\admin\controller\Auth.php ]
[ info ] [ DB ] INIT mysql
[ info ] [ VIEW ] I:\phpstudy\WWW\myproject\public/../application/admin\view\auth\index.html [ array (
  0 => 'authList',
) ]
[ info ] [ SESSION ] INIT array (
  'id' => '',
  'var_session_id' => '',
  'prefix' => 'think',
  'type' => '',
  'auto_start' => true,
)
[ info ] [ LOG ] INIT File
[ sql ] [ DB ] CONNECT:[ UseTime:0.001085s ] mysql:host=127.0.0.1;dbname=blog;charset=utf8
[ sql ] [ SQL ] SHOW COLUMNS FROM `auth` [ RunTime:0.007695s ]
[ sql ] [ SQL ] SELECT * FROM `auth` [ RunTime:0.000783s ]
---------------------------------------------------------------
[ 2018-05-09T01:20:49+08:00 ] 127.0.0.1 GET /admin/auth/index.html
[ info ] www.my.com/admin/auth/index.html [运行时间：0.079570s][吞吐率：12.57req/s] [内存消耗：2,378.77kb] [文件加载：58]
[ info ] [ LANG ] I:\phpstudy\WWW\myproject\thinkphp\lang\zh-cn.php
[ info ] [ ROUTE ] array (
  'type' => 'module',
  'module' => 
  array (
    0 => 'admin',
    1 => 'auth',
    2 => 'index',
  ),
)
[ info ] [ HEADER ] array (
  'cookie' => 'p=oRMAAAx/LwAA; s=dpr=1; __utma=144340137.1514062881.1525664007.1525664007.1525664007.1; __utmz=144340137.1525664007.1.1.utmcsr=(direct)|utmccn=(direct)|utmcmd=(none); pgv_pvi=3371843584; PHPSESSID=ggtilbkiahuehc9nb81poq05v1',
  'accept-language' => 'zh-CN,zh;q=0.9',
  'accept-encoding' => 'gzip, deflate',
  'referer' => 'http://www.my.com/admin/auth/index.html',
  'accept' => 'text/html,application/xhtml+xml,application/xml;q=0.9,image/webp,image/apng,*/*;q=0.8',
  'upgrade-insecure-requests' => '1',
  'user-agent' => 'Mozilla/5.0 (Windows NT 10.0; WOW64) AppleWebKit/537.36 (KHTML, like Gecko) Chrome/62.0.3202.89 Safari/537.36',
  'cache-control' => 'max-age=0',
  'connection' => 'close',
  'host' => 'www.my.com',
)
[ info ] [ PARAM ] array (
  '/admin/auth/index_html' => '',
)
[ info ] [ RUN ] app\admin\controller\Auth->index[ I:\phpstudy\WWW\myproject\application\admin\controller\Auth.php ]
[ info ] [ DB ] INIT mysql
[ info ] [ VIEW ] I:\phpstudy\WWW\myproject\public/../application/admin\view\auth\index.html [ array (
  0 => 'authList',
) ]
[ info ] [ SESSION ] INIT array (
  'id' => '',
  'var_session_id' => '',
  'prefix' => 'think',
  'type' => '',
  'auto_start' => true,
)
[ info ] [ LOG ] INIT File
[ sql ] [ DB ] CONNECT:[ UseTime:0.001126s ] mysql:host=127.0.0.1;dbname=blog;charset=utf8
[ sql ] [ SQL ] SHOW COLUMNS FROM `auth` [ RunTime:0.008745s ]
[ sql ] [ SQL ] SELECT * FROM `auth` [ RunTime:0.000533s ]
---------------------------------------------------------------
[ 2018-05-09T01:21:24+08:00 ] 127.0.0.1 GET /admin/auth/index.html
[ info ] www.my.com/admin/auth/index.html [运行时间：0.065629s][吞吐率：15.24req/s] [内存消耗：2,236.48kb] [文件加载：56]
[ info ] [ LANG ] I:\phpstudy\WWW\myproject\thinkphp\lang\zh-cn.php
[ info ] [ ROUTE ] array (
  'type' => 'module',
  'module' => 
  array (
    0 => 'admin',
    1 => 'auth',
    2 => 'index',
  ),
)
[ info ] [ HEADER ] array (
  'cookie' => 'p=oRMAAAx/LwAA; s=dpr=1; __utma=144340137.1514062881.1525664007.1525664007.1525664007.1; __utmz=144340137.1525664007.1.1.utmcsr=(direct)|utmccn=(direct)|utmcmd=(none); pgv_pvi=3371843584; PHPSESSID=ggtilbkiahuehc9nb81poq05v1',
  'accept-language' => 'zh-CN,zh;q=0.9',
  'accept-encoding' => 'gzip, deflate',
  'referer' => 'http://www.my.com/admin/auth/index.html',
  'accept' => 'text/html,application/xhtml+xml,application/xml;q=0.9,image/webp,image/apng,*/*;q=0.8',
  'upgrade-insecure-requests' => '1',
  'user-agent' => 'Mozilla/5.0 (Windows NT 10.0; WOW64) AppleWebKit/537.36 (KHTML, like Gecko) Chrome/62.0.3202.89 Safari/537.36',
  'cache-control' => 'max-age=0',
  'connection' => 'close',
  'host' => 'www.my.com',
)
[ info ] [ PARAM ] array (
  '/admin/auth/index_html' => '',
)
[ info ] [ RUN ] app\admin\controller\Auth->index[ I:\phpstudy\WWW\myproject\application\admin\controller\Auth.php ]
[ info ] [ DB ] INIT mysql
[ info ] [ VIEW ] I:\phpstudy\WWW\myproject\public/../application/admin\view\auth\index.html [ array (
  0 => 'authList',
) ]
[ info ] [ SESSION ] INIT array (
  'id' => '',
  'var_session_id' => '',
  'prefix' => 'think',
  'type' => '',
  'auto_start' => true,
)
[ info ] [ LOG ] INIT File
[ sql ] [ DB ] CONNECT:[ UseTime:0.001124s ] mysql:host=127.0.0.1;dbname=blog;charset=utf8
[ sql ] [ SQL ] SHOW COLUMNS FROM `auth` [ RunTime:0.008218s ]
[ sql ] [ SQL ] SELECT * FROM `auth` [ RunTime:0.000657s ]
---------------------------------------------------------------
[ 2018-05-09T01:22:09+08:00 ] 127.0.0.1 GET /admin/auth/index.html
[ info ] www.my.com/admin/auth/index.html [运行时间：0.062156s][吞吐率：16.09req/s] [内存消耗：2,236.48kb] [文件加载：56]
[ info ] [ LANG ] I:\phpstudy\WWW\myproject\thinkphp\lang\zh-cn.php
[ info ] [ ROUTE ] array (
  'type' => 'module',
  'module' => 
  array (
    0 => 'admin',
    1 => 'auth',
    2 => 'index',
  ),
)
[ info ] [ HEADER ] array (
  'cookie' => 'p=oRMAAAx/LwAA; s=dpr=1; __utma=144340137.1514062881.1525664007.1525664007.1525664007.1; __utmz=144340137.1525664007.1.1.utmcsr=(direct)|utmccn=(direct)|utmcmd=(none); pgv_pvi=3371843584; PHPSESSID=ggtilbkiahuehc9nb81poq05v1',
  'accept-language' => 'zh-CN,zh;q=0.9',
  'accept-encoding' => 'gzip, deflate',
  'referer' => 'http://www.my.com/admin/auth/index.html',
  'accept' => 'text/html,application/xhtml+xml,application/xml;q=0.9,image/webp,image/apng,*/*;q=0.8',
  'upgrade-insecure-requests' => '1',
  'user-agent' => 'Mozilla/5.0 (Windows NT 10.0; WOW64) AppleWebKit/537.36 (KHTML, like Gecko) Chrome/62.0.3202.89 Safari/537.36',
  'cache-control' => 'max-age=0',
  'connection' => 'close',
  'host' => 'www.my.com',
)
[ info ] [ PARAM ] array (
  '/admin/auth/index_html' => '',
)
[ info ] [ RUN ] app\admin\controller\Auth->index[ I:\phpstudy\WWW\myproject\application\admin\controller\Auth.php ]
[ info ] [ DB ] INIT mysql
[ info ] [ VIEW ] I:\phpstudy\WWW\myproject\public/../application/admin\view\auth\index.html [ array (
  0 => 'authList',
) ]
[ info ] [ SESSION ] INIT array (
  'id' => '',
  'var_session_id' => '',
  'prefix' => 'think',
  'type' => '',
  'auto_start' => true,
)
[ info ] [ LOG ] INIT File
[ sql ] [ DB ] CONNECT:[ UseTime:0.001250s ] mysql:host=127.0.0.1;dbname=blog;charset=utf8
[ sql ] [ SQL ] SHOW COLUMNS FROM `auth` [ RunTime:0.008695s ]
[ sql ] [ SQL ] SELECT * FROM `auth` [ RunTime:0.000835s ]
---------------------------------------------------------------
[ 2018-05-09T01:22:39+08:00 ] 127.0.0.1 GET /admin/auth/index.html
[ info ] www.my.com/admin/auth/index.html [运行时间：0.061869s][吞吐率：16.16req/s] [内存消耗：2,236.48kb] [文件加载：56]
[ info ] [ LANG ] I:\phpstudy\WWW\myproject\thinkphp\lang\zh-cn.php
[ info ] [ ROUTE ] array (
  'type' => 'module',
  'module' => 
  array (
    0 => 'admin',
    1 => 'auth',
    2 => 'index',
  ),
)
[ info ] [ HEADER ] array (
  'cookie' => 'p=oRMAAAx/LwAA; s=dpr=1; __utma=144340137.1514062881.1525664007.1525664007.1525664007.1; __utmz=144340137.1525664007.1.1.utmcsr=(direct)|utmccn=(direct)|utmcmd=(none); pgv_pvi=3371843584; PHPSESSID=ggtilbkiahuehc9nb81poq05v1',
  'accept-language' => 'zh-CN,zh;q=0.9',
  'accept-encoding' => 'gzip, deflate',
  'referer' => 'http://www.my.com/admin/auth/index.html',
  'accept' => 'text/html,application/xhtml+xml,application/xml;q=0.9,image/webp,image/apng,*/*;q=0.8',
  'upgrade-insecure-requests' => '1',
  'user-agent' => 'Mozilla/5.0 (Windows NT 10.0; WOW64) AppleWebKit/537.36 (KHTML, like Gecko) Chrome/62.0.3202.89 Safari/537.36',
  'cache-control' => 'max-age=0',
  'connection' => 'close',
  'host' => 'www.my.com',
)
[ info ] [ PARAM ] array (
  '/admin/auth/index_html' => '',
)
[ info ] [ RUN ] app\admin\controller\Auth->index[ I:\phpstudy\WWW\myproject\application\admin\controller\Auth.php ]
[ info ] [ DB ] INIT mysql
[ info ] [ VIEW ] I:\phpstudy\WWW\myproject\public/../application/admin\view\auth\index.html [ array (
  0 => 'authList',
) ]
[ info ] [ SESSION ] INIT array (
  'id' => '',
  'var_session_id' => '',
  'prefix' => 'think',
  'type' => '',
  'auto_start' => true,
)
[ info ] [ LOG ] INIT File
[ sql ] [ DB ] CONNECT:[ UseTime:0.001400s ] mysql:host=127.0.0.1;dbname=blog;charset=utf8
[ sql ] [ SQL ] SHOW COLUMNS FROM `auth` [ RunTime:0.008206s ]
[ sql ] [ SQL ] SELECT * FROM `auth` [ RunTime:0.000653s ]
---------------------------------------------------------------
[ 2018-05-09T01:23:53+08:00 ] 127.0.0.1 GET /admin/auth/index.html
[ info ] www.my.com/admin/auth/index.html [运行时间：0.061188s][吞吐率：16.34req/s] [内存消耗：2,236.48kb] [文件加载：56]
[ info ] [ LANG ] I:\phpstudy\WWW\myproject\thinkphp\lang\zh-cn.php
[ info ] [ ROUTE ] array (
  'type' => 'module',
  'module' => 
  array (
    0 => 'admin',
    1 => 'auth',
    2 => 'index',
  ),
)
[ info ] [ HEADER ] array (
  'cookie' => 'p=oRMAAAx/LwAA; s=dpr=1; __utma=144340137.1514062881.1525664007.1525664007.1525664007.1; __utmz=144340137.1525664007.1.1.utmcsr=(direct)|utmccn=(direct)|utmcmd=(none); pgv_pvi=3371843584; PHPSESSID=ggtilbkiahuehc9nb81poq05v1',
  'accept-language' => 'zh-CN,zh;q=0.9',
  'accept-encoding' => 'gzip, deflate',
  'referer' => 'http://www.my.com/admin/auth/index.html',
  'accept' => 'text/html,application/xhtml+xml,application/xml;q=0.9,image/webp,image/apng,*/*;q=0.8',
  'upgrade-insecure-requests' => '1',
  'user-agent' => 'Mozilla/5.0 (Windows NT 10.0; WOW64) AppleWebKit/537.36 (KHTML, like Gecko) Chrome/62.0.3202.89 Safari/537.36',
  'cache-control' => 'max-age=0',
  'connection' => 'close',
  'host' => 'www.my.com',
)
[ info ] [ PARAM ] array (
  '/admin/auth/index_html' => '',
)
[ info ] [ RUN ] app\admin\controller\Auth->index[ I:\phpstudy\WWW\myproject\application\admin\controller\Auth.php ]
[ info ] [ DB ] INIT mysql
[ info ] [ VIEW ] I:\phpstudy\WWW\myproject\public/../application/admin\view\auth\index.html [ array (
  0 => 'authList',
) ]
[ info ] [ SESSION ] INIT array (
  'id' => '',
  'var_session_id' => '',
  'prefix' => 'think',
  'type' => '',
  'auto_start' => true,
)
[ info ] [ LOG ] INIT File
[ sql ] [ DB ] CONNECT:[ UseTime:0.001452s ] mysql:host=127.0.0.1;dbname=blog;charset=utf8
[ sql ] [ SQL ] SHOW COLUMNS FROM `auth` [ RunTime:0.007935s ]
[ sql ] [ SQL ] SELECT * FROM `auth` [ RunTime:0.000655s ]
---------------------------------------------------------------
[ 2018-05-09T01:24:19+08:00 ] 127.0.0.1 GET /admin/auth/index.html
[ info ] www.my.com/admin/auth/index.html [运行时间：0.060941s][吞吐率：16.41req/s] [内存消耗：2,236.16kb] [文件加载：56]
[ info ] [ LANG ] I:\phpstudy\WWW\myproject\thinkphp\lang\zh-cn.php
[ info ] [ ROUTE ] array (
  'type' => 'module',
  'module' => 
  array (
    0 => 'admin',
    1 => 'auth',
    2 => 'index',
  ),
)
[ info ] [ HEADER ] array (
  'cookie' => 'p=oRMAAAx/LwAA; s=dpr=1; __utma=144340137.1514062881.1525664007.1525664007.1525664007.1; __utmz=144340137.1525664007.1.1.utmcsr=(direct)|utmccn=(direct)|utmcmd=(none); pgv_pvi=3371843584; PHPSESSID=ggtilbkiahuehc9nb81poq05v1',
  'accept-language' => 'zh-CN,zh;q=0.9',
  'accept-encoding' => 'gzip, deflate',
  'referer' => 'http://www.my.com/admin/auth/index.html',
  'accept' => 'text/html,application/xhtml+xml,application/xml;q=0.9,image/webp,image/apng,*/*;q=0.8',
  'upgrade-insecure-requests' => '1',
  'user-agent' => 'Mozilla/5.0 (Windows NT 10.0; WOW64) AppleWebKit/537.36 (KHTML, like Gecko) Chrome/62.0.3202.89 Safari/537.36',
  'connection' => 'close',
  'host' => 'www.my.com',
)
[ info ] [ PARAM ] array (
  '/admin/auth/index_html' => '',
)
[ info ] [ RUN ] app\admin\controller\Auth->index[ I:\phpstudy\WWW\myproject\application\admin\controller\Auth.php ]
[ info ] [ DB ] INIT mysql
[ info ] [ VIEW ] I:\phpstudy\WWW\myproject\public/../application/admin\view\auth\index.html [ array (
  0 => 'authList',
) ]
[ info ] [ SESSION ] INIT array (
  'id' => '',
  'var_session_id' => '',
  'prefix' => 'think',
  'type' => '',
  'auto_start' => true,
)
[ info ] [ LOG ] INIT File
[ sql ] [ DB ] CONNECT:[ UseTime:0.001257s ] mysql:host=127.0.0.1;dbname=blog;charset=utf8
[ sql ] [ SQL ] SHOW COLUMNS FROM `auth` [ RunTime:0.007478s ]
[ sql ] [ SQL ] SELECT * FROM `auth` [ RunTime:0.000856s ]
---------------------------------------------------------------
[ 2018-05-09T01:39:09+08:00 ] 127.0.0.1 GET /admin/auth/index.html
[ info ] www.my.com/admin/auth/index.html [运行时间：0.066483s][吞吐率：15.04req/s] [内存消耗：2,379.44kb] [文件加载：58]
[ info ] [ LANG ] I:\phpstudy\WWW\myproject\thinkphp\lang\zh-cn.php
[ info ] [ ROUTE ] array (
  'type' => 'module',
  'module' => 
  array (
    0 => 'admin',
    1 => 'auth',
    2 => 'index',
  ),
)
[ info ] [ HEADER ] array (
  'cookie' => 'p=oRMAAAx/LwAA; s=dpr=1; __utma=144340137.1514062881.1525664007.1525664007.1525664007.1; __utmz=144340137.1525664007.1.1.utmcsr=(direct)|utmccn=(direct)|utmcmd=(none); pgv_pvi=3371843584; PHPSESSID=ggtilbkiahuehc9nb81poq05v1',
  'accept-language' => 'zh-CN,zh;q=0.9',
  'accept-encoding' => 'gzip, deflate',
  'referer' => 'http://www.my.com/admin/auth/index.html',
  'accept' => 'text/html,application/xhtml+xml,application/xml;q=0.9,image/webp,image/apng,*/*;q=0.8',
  'upgrade-insecure-requests' => '1',
  'user-agent' => 'Mozilla/5.0 (Windows NT 10.0; WOW64) AppleWebKit/537.36 (KHTML, like Gecko) Chrome/62.0.3202.89 Safari/537.36',
  'cache-control' => 'max-age=0',
  'connection' => 'close',
  'host' => 'www.my.com',
)
[ info ] [ PARAM ] array (
  '/admin/auth/index_html' => '',
)
[ info ] [ RUN ] app\admin\controller\Auth->index[ I:\phpstudy\WWW\myproject\application\admin\controller\Auth.php ]
[ info ] [ DB ] INIT mysql
[ info ] [ VIEW ] I:\phpstudy\WWW\myproject\public/../application/admin\view\auth\index.html [ array (
  0 => 'authList',
) ]
[ info ] [ SESSION ] INIT array (
  'id' => '',
  'var_session_id' => '',
  'prefix' => 'think',
  'type' => '',
  'auto_start' => true,
)
[ info ] [ LOG ] INIT File
[ sql ] [ DB ] CONNECT:[ UseTime:0.001328s ] mysql:host=127.0.0.1;dbname=blog;charset=utf8
[ sql ] [ SQL ] SHOW COLUMNS FROM `auth` [ RunTime:0.007617s ]
[ sql ] [ SQL ] SELECT * FROM `auth` [ RunTime:0.000622s ]
---------------------------------------------------------------
[ 2018-05-09T01:39:11+08:00 ] 127.0.0.1 GET /admin/manager/index.html
[ info ] www.my.com/admin/manager/index.html [运行时间：0.032860s][吞吐率：30.43req/s] [内存消耗：1,258.94kb] [文件加载：44]
[ info ] [ LANG ] I:\phpstudy\WWW\myproject\thinkphp\lang\zh-cn.php
[ info ] [ ROUTE ] array (
  'type' => 'module',
  'module' => 
  array (
    0 => 'admin',
    1 => 'manager',
    2 => 'index',
  ),
)
[ info ] [ HEADER ] array (
  'cookie' => 'p=oRMAAAx/LwAA; s=dpr=1; __utma=144340137.1514062881.1525664007.1525664007.1525664007.1; __utmz=144340137.1525664007.1.1.utmcsr=(direct)|utmccn=(direct)|utmcmd=(none); pgv_pvi=3371843584; PHPSESSID=ggtilbkiahuehc9nb81poq05v1',
  'accept-language' => 'zh-CN,zh;q=0.9',
  'accept-encoding' => 'gzip, deflate',
  'referer' => 'http://www.my.com/admin/auth/index.html',
  'accept' => 'text/html,application/xhtml+xml,application/xml;q=0.9,image/webp,image/apng,*/*;q=0.8',
  'user-agent' => 'Mozilla/5.0 (Windows NT 10.0; WOW64) AppleWebKit/537.36 (KHTML, like Gecko) Chrome/62.0.3202.89 Safari/537.36',
  'upgrade-insecure-requests' => '1',
  'connection' => 'close',
  'host' => 'www.my.com',
)
[ info ] [ PARAM ] array (
  '/admin/manager/index_html' => '',
)
[ info ] [ RUN ] app\admin\controller\Manager->index[ I:\phpstudy\WWW\myproject\application\admin\controller\Manager.php ]
[ info ] [ LOG ] INIT File
---------------------------------------------------------------
[ 2018-05-09T01:39:12+08:00 ] 127.0.0.1 GET /admin/auth/index.html
[ info ] www.my.com/admin/auth/index.html [运行时间：0.063648s][吞吐率：15.71req/s] [内存消耗：2,236.16kb] [文件加载：56]
[ info ] [ LANG ] I:\phpstudy\WWW\myproject\thinkphp\lang\zh-cn.php
[ info ] [ ROUTE ] array (
  'type' => 'module',
  'module' => 
  array (
    0 => 'admin',
    1 => 'auth',
    2 => 'index',
  ),
)
[ info ] [ HEADER ] array (
  'cookie' => 'p=oRMAAAx/LwAA; s=dpr=1; __utma=144340137.1514062881.1525664007.1525664007.1525664007.1; __utmz=144340137.1525664007.1.1.utmcsr=(direct)|utmccn=(direct)|utmcmd=(none); pgv_pvi=3371843584; PHPSESSID=ggtilbkiahuehc9nb81poq05v1',
  'accept-language' => 'zh-CN,zh;q=0.9',
  'accept-encoding' => 'gzip, deflate',
  'referer' => 'http://www.my.com/admin/auth/index.html',
  'accept' => 'text/html,application/xhtml+xml,application/xml;q=0.9,image/webp,image/apng,*/*;q=0.8',
  'upgrade-insecure-requests' => '1',
  'user-agent' => 'Mozilla/5.0 (Windows NT 10.0; WOW64) AppleWebKit/537.36 (KHTML, like Gecko) Chrome/62.0.3202.89 Safari/537.36',
  'connection' => 'close',
  'host' => 'www.my.com',
)
[ info ] [ PARAM ] array (
  '/admin/auth/index_html' => '',
)
[ info ] [ RUN ] app\admin\controller\Auth->index[ I:\phpstudy\WWW\myproject\application\admin\controller\Auth.php ]
[ info ] [ DB ] INIT mysql
[ info ] [ VIEW ] I:\phpstudy\WWW\myproject\public/../application/admin\view\auth\index.html [ array (
  0 => 'authList',
) ]
[ info ] [ SESSION ] INIT array (
  'id' => '',
  'var_session_id' => '',
  'prefix' => 'think',
  'type' => '',
  'auto_start' => true,
)
[ info ] [ LOG ] INIT File
[ sql ] [ DB ] CONNECT:[ UseTime:0.001139s ] mysql:host=127.0.0.1;dbname=blog;charset=utf8
[ sql ] [ SQL ] SHOW COLUMNS FROM `auth` [ RunTime:0.007041s ]
[ sql ] [ SQL ] SELECT * FROM `auth` [ RunTime:0.000649s ]
---------------------------------------------------------------
[ 2018-05-09T01:39:14+08:00 ] 127.0.0.1 GET /admin/role/index.html
[ info ] www.my.com/admin/role/index.html [运行时间：0.031569s][吞吐率：31.68req/s] [内存消耗：1,258.91kb] [文件加载：44]
[ info ] [ LANG ] I:\phpstudy\WWW\myproject\thinkphp\lang\zh-cn.php
[ info ] [ ROUTE ] array (
  'type' => 'module',
  'module' => 
  array (
    0 => 'admin',
    1 => 'role',
    2 => 'index',
  ),
)
[ info ] [ HEADER ] array (
  'cookie' => 'p=oRMAAAx/LwAA; s=dpr=1; __utma=144340137.1514062881.1525664007.1525664007.1525664007.1; __utmz=144340137.1525664007.1.1.utmcsr=(direct)|utmccn=(direct)|utmcmd=(none); pgv_pvi=3371843584; PHPSESSID=ggtilbkiahuehc9nb81poq05v1',
  'accept-language' => 'zh-CN,zh;q=0.9',
  'accept-encoding' => 'gzip, deflate',
  'referer' => 'http://www.my.com/admin/auth/index.html',
  'accept' => 'text/html,application/xhtml+xml,application/xml;q=0.9,image/webp,image/apng,*/*;q=0.8',
  'user-agent' => 'Mozilla/5.0 (Windows NT 10.0; WOW64) AppleWebKit/537.36 (KHTML, like Gecko) Chrome/62.0.3202.89 Safari/537.36',
  'upgrade-insecure-requests' => '1',
  'connection' => 'close',
  'host' => 'www.my.com',
)
[ info ] [ PARAM ] array (
  '/admin/role/index_html' => '',
)
[ info ] [ RUN ] app\admin\controller\Role->index[ I:\phpstudy\WWW\myproject\application\admin\controller\Role.php ]
[ info ] [ LOG ] INIT File
---------------------------------------------------------------
[ 2018-05-09T01:39:15+08:00 ] 127.0.0.1 GET /admin/auth/index.html
[ info ] www.my.com/admin/auth/index.html [运行时间：0.058734s][吞吐率：17.03req/s] [内存消耗：2,236.16kb] [文件加载：56]
[ info ] [ LANG ] I:\phpstudy\WWW\myproject\thinkphp\lang\zh-cn.php
[ info ] [ ROUTE ] array (
  'type' => 'module',
  'module' => 
  array (
    0 => 'admin',
    1 => 'auth',
    2 => 'index',
  ),
)
[ info ] [ HEADER ] array (
  'cookie' => 'p=oRMAAAx/LwAA; s=dpr=1; __utma=144340137.1514062881.1525664007.1525664007.1525664007.1; __utmz=144340137.1525664007.1.1.utmcsr=(direct)|utmccn=(direct)|utmcmd=(none); pgv_pvi=3371843584; PHPSESSID=ggtilbkiahuehc9nb81poq05v1',
  'accept-language' => 'zh-CN,zh;q=0.9',
  'accept-encoding' => 'gzip, deflate',
  'referer' => 'http://www.my.com/admin/auth/index.html',
  'accept' => 'text/html,application/xhtml+xml,application/xml;q=0.9,image/webp,image/apng,*/*;q=0.8',
  'upgrade-insecure-requests' => '1',
  'user-agent' => 'Mozilla/5.0 (Windows NT 10.0; WOW64) AppleWebKit/537.36 (KHTML, like Gecko) Chrome/62.0.3202.89 Safari/537.36',
  'connection' => 'close',
  'host' => 'www.my.com',
)
[ info ] [ PARAM ] array (
  '/admin/auth/index_html' => '',
)
[ info ] [ RUN ] app\admin\controller\Auth->index[ I:\phpstudy\WWW\myproject\application\admin\controller\Auth.php ]
[ info ] [ DB ] INIT mysql
[ info ] [ VIEW ] I:\phpstudy\WWW\myproject\public/../application/admin\view\auth\index.html [ array (
  0 => 'authList',
) ]
[ info ] [ SESSION ] INIT array (
  'id' => '',
  'var_session_id' => '',
  'prefix' => 'think',
  'type' => '',
  'auto_start' => true,
)
[ info ] [ LOG ] INIT File
[ sql ] [ DB ] CONNECT:[ UseTime:0.001464s ] mysql:host=127.0.0.1;dbname=blog;charset=utf8
[ sql ] [ SQL ] SHOW COLUMNS FROM `auth` [ RunTime:0.007221s ]
[ sql ] [ SQL ] SELECT * FROM `auth` [ RunTime:0.000596s ]
---------------------------------------------------------------
[ 2018-05-09T01:39:40+08:00 ] 127.0.0.1 GET /admin/auth/index.html
[ info ] www.my.com/admin/auth/index.html [运行时间：0.063863s][吞吐率：15.66req/s] [内存消耗：2,236.48kb] [文件加载：56]
[ info ] [ LANG ] I:\phpstudy\WWW\myproject\thinkphp\lang\zh-cn.php
[ info ] [ ROUTE ] array (
  'type' => 'module',
  'module' => 
  array (
    0 => 'admin',
    1 => 'auth',
    2 => 'index',
  ),
)
[ info ] [ HEADER ] array (
  'cookie' => 'p=oRMAAAx/LwAA; s=dpr=1; __utma=144340137.1514062881.1525664007.1525664007.1525664007.1; __utmz=144340137.1525664007.1.1.utmcsr=(direct)|utmccn=(direct)|utmcmd=(none); pgv_pvi=3371843584; PHPSESSID=ggtilbkiahuehc9nb81poq05v1',
  'accept-language' => 'zh-CN,zh;q=0.9',
  'accept-encoding' => 'gzip, deflate',
  'referer' => 'http://www.my.com/admin/auth/index.html',
  'accept' => 'text/html,application/xhtml+xml,application/xml;q=0.9,image/webp,image/apng,*/*;q=0.8',
  'upgrade-insecure-requests' => '1',
  'user-agent' => 'Mozilla/5.0 (Windows NT 10.0; WOW64) AppleWebKit/537.36 (KHTML, like Gecko) Chrome/62.0.3202.89 Safari/537.36',
  'cache-control' => 'max-age=0',
  'connection' => 'close',
  'host' => 'www.my.com',
)
[ info ] [ PARAM ] array (
  '/admin/auth/index_html' => '',
)
[ info ] [ RUN ] app\admin\controller\Auth->index[ I:\phpstudy\WWW\myproject\application\admin\controller\Auth.php ]
[ info ] [ DB ] INIT mysql
[ info ] [ VIEW ] I:\phpstudy\WWW\myproject\public/../application/admin\view\auth\index.html [ array (
  0 => 'authList',
) ]
[ info ] [ SESSION ] INIT array (
  'id' => '',
  'var_session_id' => '',
  'prefix' => 'think',
  'type' => '',
  'auto_start' => true,
)
[ info ] [ LOG ] INIT File
[ sql ] [ DB ] CONNECT:[ UseTime:0.001115s ] mysql:host=127.0.0.1;dbname=blog;charset=utf8
[ sql ] [ SQL ] SHOW COLUMNS FROM `auth` [ RunTime:0.009239s ]
[ sql ] [ SQL ] SELECT * FROM `auth` [ RunTime:0.000653s ]
---------------------------------------------------------------
[ 2018-05-09T01:39:43+08:00 ] 127.0.0.1 GET /admin/manager/index.html
[ info ] www.my.com/admin/manager/index.html [运行时间：0.041941s][吞吐率：23.84req/s] [内存消耗：1,490.85kb] [文件加载：53]
[ info ] [ LANG ] I:\phpstudy\WWW\myproject\thinkphp\lang\zh-cn.php
[ info ] [ ROUTE ] array (
  'type' => 'module',
  'module' => 
  array (
    0 => 'admin',
    1 => 'manager',
    2 => 'index',
  ),
)
[ info ] [ HEADER ] array (
  'cookie' => 'p=oRMAAAx/LwAA; s=dpr=1; __utma=144340137.1514062881.1525664007.1525664007.1525664007.1; __utmz=144340137.1525664007.1.1.utmcsr=(direct)|utmccn=(direct)|utmcmd=(none); pgv_pvi=3371843584; PHPSESSID=ggtilbkiahuehc9nb81poq05v1',
  'accept-language' => 'zh-CN,zh;q=0.9',
  'accept-encoding' => 'gzip, deflate',
  'referer' => 'http://www.my.com/admin/auth/index.html',
  'accept' => 'text/html,application/xhtml+xml,application/xml;q=0.9,image/webp,image/apng,*/*;q=0.8',
  'user-agent' => 'Mozilla/5.0 (Windows NT 10.0; WOW64) AppleWebKit/537.36 (KHTML, like Gecko) Chrome/62.0.3202.89 Safari/537.36',
  'upgrade-insecure-requests' => '1',
  'connection' => 'close',
  'host' => 'www.my.com',
)
[ info ] [ PARAM ] array (
  '/admin/manager/index_html' => '',
)
[ info ] [ RUN ] app\admin\controller\Manager->index[ I:\phpstudy\WWW\myproject\application\admin\controller\Manager.php ]
[ info ] [ VIEW ] I:\phpstudy\WWW\myproject\public/../application/admin\view\manager\index.html [ array (
) ]
[ info ] [ SESSION ] INIT array (
  'id' => '',
  'var_session_id' => '',
  'prefix' => 'think',
  'type' => '',
  'auto_start' => true,
)
[ info ] [ LOG ] INIT File
[ error ] [8]未定义变量: authList[I:\phpstudy\WWW\myproject\runtime\temp\36a500665077ac8c8af0bce502d055ad.php:229]
---------------------------------------------------------------
[ 2018-05-09T01:39:46+08:00 ] 127.0.0.1 GET /admin/auth/index.html
[ info ] www.my.com/admin/auth/index.html [运行时间：0.059435s][吞吐率：16.83req/s] [内存消耗：2,236.16kb] [文件加载：56]
[ info ] [ LANG ] I:\phpstudy\WWW\myproject\thinkphp\lang\zh-cn.php
[ info ] [ ROUTE ] array (
  'type' => 'module',
  'module' => 
  array (
    0 => 'admin',
    1 => 'auth',
    2 => 'index',
  ),
)
[ info ] [ HEADER ] array (
  'cookie' => 'p=oRMAAAx/LwAA; s=dpr=1; __utma=144340137.1514062881.1525664007.1525664007.1525664007.1; __utmz=144340137.1525664007.1.1.utmcsr=(direct)|utmccn=(direct)|utmcmd=(none); pgv_pvi=3371843584; PHPSESSID=ggtilbkiahuehc9nb81poq05v1',
  'accept-language' => 'zh-CN,zh;q=0.9',
  'accept-encoding' => 'gzip, deflate',
  'referer' => 'http://www.my.com/admin/auth/index.html',
  'accept' => 'text/html,application/xhtml+xml,application/xml;q=0.9,image/webp,image/apng,*/*;q=0.8',
  'upgrade-insecure-requests' => '1',
  'user-agent' => 'Mozilla/5.0 (Windows NT 10.0; WOW64) AppleWebKit/537.36 (KHTML, like Gecko) Chrome/62.0.3202.89 Safari/537.36',
  'connection' => 'close',
  'host' => 'www.my.com',
)
[ info ] [ PARAM ] array (
  '/admin/auth/index_html' => '',
)
[ info ] [ RUN ] app\admin\controller\Auth->index[ I:\phpstudy\WWW\myproject\application\admin\controller\Auth.php ]
[ info ] [ DB ] INIT mysql
[ info ] [ VIEW ] I:\phpstudy\WWW\myproject\public/../application/admin\view\auth\index.html [ array (
  0 => 'authList',
) ]
[ info ] [ SESSION ] INIT array (
  'id' => '',
  'var_session_id' => '',
  'prefix' => 'think',
  'type' => '',
  'auto_start' => true,
)
[ info ] [ LOG ] INIT File
[ sql ] [ DB ] CONNECT:[ UseTime:0.001261s ] mysql:host=127.0.0.1;dbname=blog;charset=utf8
[ sql ] [ SQL ] SHOW COLUMNS FROM `auth` [ RunTime:0.007319s ]
[ sql ] [ SQL ] SELECT * FROM `auth` [ RunTime:0.000600s ]
